#
# A fatal error has been detected by the Java Runtime Environment:
#
#  SIGSEGV (0xb) at pc=0x000000011b4328d4, pid=18301, tid=259
#
# JRE version: OpenJDK Runtime Environment Corretto-16.0.2.7.1 (16.0.2+7) (build 16.0.2+7)
# Java VM: OpenJDK 64-Bit Server VM Corretto-16.0.2.7.1 (16.0.2+7, mixed mode, sharing, tiered, compressed oops, compressed class ptrs, g1 gc, bsd-amd64)
# Problematic frame:
# J 705 c2 java.lang.StringBuilder.append(Ljava/lang/String;)Ljava/lang/StringBuilder; java.base@16.0.2 (8 bytes) @ 0x000000011b4328d4 [0x000000011b4328a0+0x0000000000000034]
#
# No core dump will be written. Core dumps have been disabled. To enable core dumping, try "ulimit -c unlimited" before starting Java again
#
# If you would like to submit a bug report, please visit:
#   https://github.com/corretto/corretto-jdk/issues/
#

---------------  S U M M A R Y ------------

Command Line: -javaagent:/Applications/IntelliJ IDEA CE.app/Contents/lib/idea_rt.jar=57638:/Applications/IntelliJ IDEA CE.app/Contents/bin -Dfile.encoding=UTF-8 --module-path=/Users/yarnovandeweyer/Desktop/SchoolKDG/Java/javaFx/javafx.media-11.0.0-ea1-mac.jar:/Users/yarnovandeweyer/IdeaProjects/Fill_Fx/target/classes:/Users/yarnovandeweyer/.m2/repository/org/openjfx/javafx-base/16/javafx-base-16-mac.jar:/Users/yarnovandeweyer/.m2/repository/org/openjfx/javafx-controls/16/javafx-controls-16-mac.jar:/Users/yarnovandeweyer/.m2/repository/org/openjfx/javafx-graphics/16/javafx-graphics-16-mac.jar -Djdk.module.main=JavaFxapplication JavaFxapplication/be.kdg.fill.Main

Host: MacBookPro14,1 x86_64 2300 MHz, 4 cores, 8G, Darwin 21.2.0, macOS 12.1 (21C52)
Time: Tue Feb 22 19:26:44 2022 CET elapsed time: 4.150692 seconds (0d 0h 0m 4s)

---------------  T H R E A D  ---------------

Current thread (0x00007fe24682e400):  JavaThread "JavaFX Application Thread" [_thread_in_Java, id=259, stack(0x00007ff7bb037000,0x00007ff7bb837000)]

Stack: [0x00007ff7bb037000,0x00007ff7bb837000],  sp=0x00007ff7bb832fd0,  free space=8175k
Native frames: (J=compiled Java code, A=aot compiled Java code, j=interpreted, Vv=VM code, C=native code)
J 705 c2 java.lang.StringBuilder.append(Ljava/lang/String;)Ljava/lang/StringBuilder; java.base@16.0.2 (8 bytes) @ 0x000000011b4328d4 [0x000000011b4328a0+0x0000000000000034]
j  java.lang.StackTraceElement.toString()Ljava/lang/String;+250 java.base@16.0.2
J 1686 c1 java.lang.String.valueOf(Ljava/lang/Object;)Ljava/lang/String; java.base@16.0.2 (15 bytes) @ 0x00000001141a1d7c [0x00000001141a1c40+0x000000000000013c]
j  java.lang.StringBuilder.append(Ljava/lang/Object;)Ljava/lang/StringBuilder;+2 java.base@16.0.2
j  java.lang.Throwable.printStackTrace(Ljava/lang/Throwable$PrintStreamOrWriter;)V+78 java.base@16.0.2
j  java.lang.Throwable.printStackTrace(Ljava/io/PrintStream;)V+9 java.base@16.0.2
j  java.lang.ThreadGroup.uncaughtException(Ljava/lang/Thread;Ljava/lang/Throwable;)V+82 java.base@16.0.2
j  java.lang.ThreadGroup.uncaughtException(Ljava/lang/Thread;Ljava/lang/Throwable;)V+13 java.base@16.0.2
j  com.sun.glass.ui.Application.reportException(Ljava/lang/Throwable;)V+12 javafx.graphics
v  ~StubRoutines::call_stub
V  [libjvm.dylib+0x5166c1]  _ZN9JavaCalls11call_helperEP9JavaValueRK12methodHandleP17JavaCallArgumentsP6Thread+0x2b1
V  [libjvm.dylib+0x57c8a9]  _ZL17jni_invoke_staticP7JNIEnv_P9JavaValueP8_jobject11JNICallTypeP10_jmethodIDP18JNI_ArgumentPusherP6Thread+0x149
V  [libjvm.dylib+0x5800b1]  jni_CallStaticVoidMethod+0x1a1
C  [libglass.dylib+0xe631]  -[GlassViewDelegate sendJavaMouseEvent:]+0xb61
C  [AppKit+0x1b2328]  -[NSWindow(NSEventRouting) _reallySendEvent:isDelayedEvent:]+0x1bee
C  [AppKit+0x1b051a]  -[NSWindow(NSEventRouting) sendEvent:]+0x160
C  [libglass.dylib+0x1a922]  -[GlassWindow_Normal sendEvent:]+0x62
C  [AppKit+0x1ae8e8]  -[NSApplication(NSEvent) sendEvent:]+0x160
C  [AppKit+0x46789f]  -[NSApplication _handleEvent:]+0x41
C  [AppKit+0x2f5ce]  -[NSApplication run]+0x26f
C  [libglass.dylib+0xaf60]  -[GlassApplication runLoop:]+0x750
C  [Foundation+0x80af3]  __NSThreadPerformPerform+0xb3
C  [CoreFoundation+0x808fd]  __CFRUNLOOP_IS_CALLING_OUT_TO_A_SOURCE0_PERFORM_FUNCTION__+0x11
C  [CoreFoundation+0x80865]  __CFRunLoopDoSource0+0xb4
C  [CoreFoundation+0x805e4]  __CFRunLoopDoSources0+0xf2
C  [CoreFoundation+0x7f01b]  __CFRunLoopRun+0x37d
C  [CoreFoundation+0x7e5dd]  CFRunLoopRunSpecific+0x233
C  [libjli.dylib+0x7132]  CreateExecutionEnvironment+0x182
C  [libjli.dylib+0x2d05]  JLI_Launch+0x585
C  [java+0x3c11]  main+0x191
C  0x000000010aff84fe


siginfo: si_signo: 11 (SIGSEGV), si_code: 1 (SEGV_MAPERR), si_addr: 0x00000003732bb23c

Register to memory mapping:

RAX={method} {0x00000008004095c0} 'append' '(Ljava/lang/String;)Ljava/lang/StringBuilder;' in 'java/lang/StringBuilder'
RBX={method} {0x00000008004095c0} 'append' '(Ljava/lang/String;)Ljava/lang/StringBuilder;' in 'java/lang/StringBuilder'
RCX=0x00000007875cfa40 is an oop: java.lang.StringBuilder 
{0x00000007875cfa40} - klass: 'java/lang/StringBuilder'
RDX=0x00000003732bb228 is an unknown value
RSP=0x00007ff7bb832fd0 is pointing into the stack for thread: 0x00007fe24682e400
RBP=0x00007ff7bb8330b0 is pointing into the stack for thread: 0x00007fe24682e400
RSI=0x00000007875cfa40 is an oop: java.lang.StringBuilder 
{0x00000007875cfa40} - klass: 'java/lang/StringBuilder'
RDI=0x00000007875cfa68 is pointing into object: [B 
{0x00000007875cfa58} - klass: {type array byte}
 - length: 16
R8 =4041973579 is a compressed pointer to object: [B 
{0x00000007875cfa58} - klass: {type array byte}
 - length: 16
R9 =0x000000000000004c is an unknown value
R10=0x00000007875cfa40 is an oop: java.lang.StringBuilder 
{0x00000007875cfa40} - klass: 'java/lang/StringBuilder'
R11=0x000000011b4328c0 is at entry_point+32 in (nmethod*)0x000000011b432710
R12=0x0 is NULL
R13=0x00007ff7bb833050 is pointing into the stack for thread: 0x00007fe24682e400
R14=0x00007ff7bb8330c8 is pointing into the stack for thread: 0x00007fe24682e400
R15=0x00007fe24682e400 is a thread


Registers:
RAX=0x00000008004095c0, RBX=0x00000008004095c0, RCX=0x00000007875cfa40, RDX=0x00000003732bb228
RSP=0x00007ff7bb832fd0, RBP=0x00007ff7bb8330b0, RSI=0x00000007875cfa40, RDI=0x00000007875cfa68
R8 =0x00000000f0eb9f4b, R9 =0x000000000000004c, R10=0x00000007875cfa40, R11=0x000000011b4328c0
R12=0x0000000000000000, R13=0x00007ff7bb833050, R14=0x00007ff7bb8330c8, R15=0x00007fe24682e400
RIP=0x000000011b4328d4, EFLAGS=0x0000000000010202, ERR=0x0000000000000004
  TRAPNO=0x000000000000000e

Top of Stack: (sp=0x00007ff7bb832fd0)
0x00007ff7bb832fd0:   0000000000000000 000000011b432b5e
0x00007ff7bb832fe0:   000000000000000a 0000000800b17729
0x00007ff7bb832ff0:   00007ff7bb8330b0 0000000113f40034
0x00007ff7bb833000:   00007ff7bb833000 00000003732bb228
0x00007ff7bb833010:   00007ff7bb833058 00000008003c8080
0x00007ff7bb833020:   0000000000000000 00000007bfe04988
0x00007ff7bb833030:   00007ff7bb8330b0 000000011393d252
0x00007ff7bb833040:   00007ff7bb833058 000000011393d252
0x00007ff7bb833050:   00000003732bb228 00000007875cfa40
0x00007ff7bb833060:   00000007875cf940 00007ff7bb833068
0x00007ff7bb833070:   0000000800addae2 00007ff7bb8330c8
0x00007ff7bb833080:   00000008003c8080 0000000000000000
0x00007ff7bb833090:   00000007bfe04988 0000000800038380
0x00007ff7bb8330a0:   00007ff7bb833050 00007ff7bb8330d0
0x00007ff7bb8330b0:   00007ff7bb833178 00000001141a1d7c
0x00007ff7bb8330c0:   00000007875cf8e0 00000007875cde70
0x00007ff7bb8330d0:   00000008003ef658 0000000000000000
0x00007ff7bb8330e0:   00000007bfe0b340 0000000800018a90
0x00007ff7bb8330f0:   0000000000000000 00007ff7bb833128
0x00007ff7bb833100:   00007ff7bb833178 000000011393d252
0x00007ff7bb833110:   0000000000000000 000000011393d252
0x00007ff7bb833120:   00000007875cde70 00000007875cf7b8
0x00007ff7bb833130:   00007ff7bb833130 0000000800b3ef32
0x00007ff7bb833140:   00007ff7bb833190 0000000800407d88
0x00007ff7bb833150:   0000000124d3db70 00000007bfe028a0
0x00007ff7bb833160:   00000008004096c8 00007ff7bb833120
0x00007ff7bb833170:   00007ff7bb833188 00007ff7bb8331f8
0x00007ff7bb833180:   000000011393d252 00000007875cde70
0x00007ff7bb833190:   00000007875cf7b8 00000007875cd998
0x00007ff7bb8331a0:   0000000000000009 00000007801983b8
0x00007ff7bb8331b0:   00007ff7bb8331a0 00000008005f8a66
0x00007ff7bb8331c0:   00007ff7bb833250 0000000800037158 

Instructions: (pc=0x000000011b4328d4)
0x000000011b4327d4:   00 00 00 00 00 00 00 00 00 00 00 00 00 00 00 00
0x000000011b4327e4:   00 00 00 00 a0 28 43 1b 01 00 00 00 c0 28 43 1b
0x000000011b4327f4:   01 00 00 00 a0 28 43 1b 01 00 00 00 b0 07 00 00
0x000000011b432804:   ff ff ff ff 90 01 00 00 b0 07 00 00 c8 07 00 00
0x000000011b432814:   c8 07 00 00 00 00 00 00 68 0a 00 00 48 0b 00 00
0x000000011b432824:   50 0b 00 00 50 0b 00 00 68 0b 00 00 90 0b 00 00
0x000000011b432834:   90 0b 00 00 90 0b 00 00 50 00 00 00 c1 02 00 00
0x000000011b432844:   04 00 00 00 00 00 00 00 02 00 00 00 00 00 00 00
0x000000011b432854:   00 00 00 00 00 00 00 00 00 00 00 00 e0 01 00 00
0x000000011b432864:   02 00 00 00 ff ff ff ff ff ff ff ff 18 60 01 f0
0x000000011b432874:   54 cd 66 b1 29 c1 10 64 60 64 28 64 28 64 18 64
0x000000011b432884:   50 64 54 64 28 64 10 64 10 64 18 64 18 64 10 64
0x000000011b432894:   32 f3 05 80 11 64 0b 00 00 64 0f 64 44 8b 56 08
0x000000011b4328a4:   49 c1 e2 03 49 bb 00 00 00 00 08 00 00 00 4d 03
0x000000011b4328b4:   d3 49 3b c2 0f 85 c2 de 54 f8 66 90 89 84 24 00
0x000000011b4328c4:   c0 fe ff 55 48 83 ec 60 4c 8b d6 48 89 54 24 38
0x000000011b4328d4:   8b 42 14 66 0f 1f 84 00 00 00 00 00 45 8b 6c c4
0x000000011b4328e4:   0c 48 8b de 44 8b 5e 14 43 8b 7c dc 0c 0f be 56
0x000000011b4328f4:   10 4c 8b 54 24 38 41 0f be 6a 10 8b f7 8b ca d3
0x000000011b432904:   fe 8b cd 41 d3 fd 44 89 6c 24 30 44 8b 4b 0c 45
0x000000011b432914:   8b c5 45 03 c1 45 8b d0 44 2b d6 90 45 85 d2 0f
0x000000011b432924:   8e b4 01 00 00 8b ca 41 d3 e0 44 2b c7 41 b9 02
0x000000011b432934:   00 00 00 41 d3 e1 44 03 cf 45 3b c1 45 8b d0 45
0x000000011b432944:   0f 4c d1 44 03 d7 41 8b ea 81 c5 09 00 00 80 85
0x000000011b432954:   ed 0f 8f 8a 04 00 00 0f 1f 44 00 00 41 81 fa ff
0x000000011b432964:   ff ff 7f 0f 84 af 04 00 00 41 d3 fa 41 d3 e2 66
0x000000011b432974:   0f 1f 84 00 00 00 00 00 66 66 66 90 41 81 fa 00
0x000000011b432984:   00 10 00 0f 87 d3 03 00 00 4d 63 c2 41 8b ca 3b
0x000000011b432994:   f9 8b e9 0f 4c ef 3b fd 0f 1f 40 00 0f 82 01 04
0x000000011b4329a4:   00 00 3b cd 0f 82 f9 03 00 00 49 83 c0 17 49 8b
0x000000011b4329b4:   c8 48 83 e1 f8 0f 1f 80 00 00 00 00 41 81 fa 00
0x000000011b4329c4:   00 10 00 0f 87 9a 02 00 00 4d 8b af 30 01 00 00 


Stack slot to memory mapping:
stack at sp + 0 slots: 0x0 is NULL
stack at sp + 1 slots: 0x000000011b432b5e is at entry_point+702 in (nmethod*)0x000000011b432710
stack at sp + 2 slots: 0x000000000000000a is an unknown value
stack at sp + 3 slots: 0x0000000800b17729 is pointing into metadata
stack at sp + 4 slots: 0x00007ff7bb8330b0 is pointing into the stack for thread: 0x00007fe24682e400
stack at sp + 5 slots: 0x0000000113f40034 is at entry_point+116 in (nmethod*)0x0000000113f3fe10
stack at sp + 6 slots: 0x00007ff7bb833000 is pointing into the stack for thread: 0x00007fe24682e400
stack at sp + 7 slots: 0x00000003732bb228 is an unknown value

--------------------------------------------------------------------------------
[Constant Pool (empty)]

--------------------------------------------------------------------------------

[MachCode]
  0x000000011b4328a0: 448b 5608 | 49c1 e203 | 49bb 0000 | 0000 0800 | 0000 4d03 | d349 3bc2 | 0f85 c2de | 54f8 6690 
  0x000000011b4328c0: 8984 2400 | c0fe ff55 | 4883 ec60 | 4c8b d648 | 8954 2438 | 8b42 1466 | 0f1f 8400 | 0000 0000 
  0x000000011b4328e0: 458b 6cc4 | 0c48 8bde | 448b 5e14 | 438b 7cdc | 0c0f be56 | 104c 8b54 | 2438 410f | be6a 108b 
  0x000000011b432900: f78b cad3 | fe8b cd41 | d3fd 4489 | 6c24 3044 | 8b4b 0c45 | 8bc5 4503 | c145 8bd0 | 442b d690 
  0x000000011b432920: 4585 d20f | 8eb4 0100 | 008b ca41 | d3e0 442b | c741 b902 | 0000 0041 | d3e1 4403 | cf45 3bc1 
  0x000000011b432940: 458b d045 | 0f4c d144 | 03d7 418b | ea81 c509 | 0000 8085 | ed0f 8f8a | 0400 000f | 1f44 0000 
  0x000000011b432960: 4181 faff | ffff 7f0f | 84af 0400 | 0041 d3fa | 41d3 e266 | 0f1f 8400 | 0000 0000 | 6666 6690 
  0x000000011b432980: 4181 fa00 | 0010 000f | 87d3 0300 | 004d 63c2 | 418b ca3b | f98b e90f | 4cef 3bfd | 0f1f 4000 
  0x000000011b4329a0: 0f82 0104 | 0000 3bcd | 0f82 f903 | 0000 4983 | c017 498b | c848 83e1 | f80f 1f80 | 0000 0000 
  0x000000011b4329c0: 4181 fa00 | 0010 000f | 879a 0200 | 004d 8baf | 3001 0000 | 4d8b cd4c | 03c9 660f | 1f44 0000 
  0x000000011b4329e0: 4d3b 8f40 | 0100 000f | 837a 0200 | 004d 898f | 3001 0000 | 410f 0d89 | c000 0000 | 49c7 4500 
  0x000000011b432a00: 0100 0000 | 410f 0d89 | 0001 0000 | 41c7 4508 | 3311 0000 | 4589 550c | 410f 0d89 | 4001 0000 
  0x000000011b432a20: 410f 0d89 | 8001 0000 | 4d8b cd49 | 83c1 1049 | c1e8 034d | 8bf5 49c1 | ee03 85ed | 0f1f 4000 
  0x000000011b432a40: 0f84 3203 | 0000 4b8d | 3cdc 4f8d | 5cdc 1041 | 3bea 0f8c | 2801 0000 | 4883 c1f0 | 48c1 e903 
  0x000000011b432a60: 498b fb49 | 8bf1 488b | d1c5 f877 | 49ba c0ef | 9613 0100 | 0000 41ff | d20f 1f80 | 0000 0000 
  0x000000011b432a80: 4180 7f30 | 000f 8551 | 0100 0044 | 8973 144d | 8bd5 4c8b | db4d 33d3 | 49c1 ea14 | 0f1f 4000 
  0x000000011b432aa0: 4d85 d274 | 1a49 c1eb | 0948 bf00 | c02c 0101 | 0000 0049 | 03fb 803f | 040f 8554 | 0100 004c 
  0x000000011b432ac0: 8b54 2438 | 418b 4214 | 85c0 0f84 | 9802 0000 | 448b 4b0c | 0fbe 5310 | 410f be6a | 1045 8b5c 
  0x000000011b432ae0: c40c 458b | d38b cd41 | d3fa 3bd5 | 0f85 4602 | 0000 448b | 4314 3bea | 0f85 1202 | 0000 8bca 
  0x000000011b432b00: 41d3 e241 | d3e1 438b | 4cc4 0c45 | 85c9 0f8c | d801 0000 | 453b da0f | 82cf 0100 | 0041 8bf9 
  0x000000011b432b20: 4103 fa3b | cf0f 82c1 | 0100 0045 | 85d2 0f8c | b801 0000 | 4585 d274 | 254f 8d1c | c44b 8d74 
  0x000000011b432b40: 0b10 4963 | d24d 8d14 | c449 8d7c | c410 c5f8 | 7749 ba00 | ec96 1301 | 0000 0041 | ffd2 448b 
  0x000000011b432b60: 5c24 3044 | 015b 0c48 | 8bc3 c5f8 | 7748 83c4 | 605d 493b | a718 0100 | 000f 8725 | 0300 00c3 
  0x000000011b432b80: 4863 d54c | 8bd2 4983 | c210 498b | ca48 83e1 | f849 8bfd | 4803 f949 | c1ea 034d | 2bc2 498b 
  0x000000011b432ba0: c848 33c0 | 4883 f908 | 7f10 48ff | c978 1248 | 8904 cf48 | ffc9 7df7 | eb07 48c1 | e103 f348 
  0x000000011b432bc0: aa49 8bfb | 498b f1c5 | f877 49ba | 40eb 9613 | 0100 0000 | 41ff d2e9 | 9dfe ffff | 448b 5b14 
  0x000000011b432be0: 4585 db0f | 84a2 feff | ff4d 8b57 | 3849 8bfb | 48c1 e703 | 4d85 d20f | 84cb 0100 | 004d 8b5f 
  0x000000011b432c00: 484b 897c | 13f8 4983 | c2f8 4d89 | 5738 e978 | feff ff4d | 8b57 684d | 8b5f 78f0 | 8344 24c0 
  0x000000011b432c20: 0080 3f00 | 0f84 95fe | ffff 4488 | 274d 85d2 | 7523 498b | f766 6666 | 0f1f 8400 | 0000 0000 
  0x000000011b432c40: c5f8 7749 | bae0 e2d1 | 0501 0000 | 0041 ffd2 | e96a feff | ff4b 897c | 13f8 4983 | c2f8 4d89 
  0x000000011b432c60: 5768 e958 | feff ff48 | 894c 2428 | 4c89 4424 | 2044 8954 | 2418 4489 | 5c24 1448 | 8944 24f8 
  0x000000011b432c80: 8b44 2430 | 8944 2410 | 488b 4424 | f848 895c | 2408 48ff | 7424 3848 | 8f04 2448 | be98 8900 
  0x000000011b432ca0: 0008 0000 | 0041 8bd2 | c5f8 77e8 | d063 52f8 | 48ff 3424 | 488f 4424 | 3848 8b5c | 2408 4889 
  0x000000011b432cc0: 4424 f88b | 4424 1089 | 4424 3048 | 8b44 24f8 | 448b 5c24 | 1444 8b54 | 2418 4c8b | 4424 2048 
  0x000000011b432ce0: 8b4c 2428 | 4c8b e8e9 | 3cfd ffff | becc ffff | ff48 891c | 2489 4424 | 0844 8944 | 2410 4489 
  0x000000011b432d00: 4c24 1444 | 8954 2418 | c5f8 77e8 | 70e6 54f8 | be45 ffff | ff48 895c | 2408 4489 | 4424 1c44 
  0x000000011b432d20: 894c 2420 | 4489 5424 | 2889 5424 | 2c66 6690 | c5f8 77e8 | 48e6 54f8 | be45 ffff | ff48 895c 
  0x000000011b432d40: 2408 4889 | 5c24 1044 | 894c 2424 | 4489 5424 | 2889 5424 | 2c66 6690 | c5f8 77e8 | 20e6 54f8 
  0x000000011b432d60: 4d63 c2e9 | 28fc ffff | bef6 ffff | ff66 6690 | c5f8 77e8 | 08e6 54f8 | 4983 c0fe | 498b c849 
  0x000000011b432d80: 8bf9 4833 | c048 83f9 | 087f 1048 | ffc9 7812 | 4889 04cf | 48ff c97d | f7eb 0748 | c1e1 03f3 
  0x000000011b432da0: 48aa e9d2 | fcff ffbe | ccff ffff | 4889 1c24 | 4889 5c24 | 1044 895c | 241c 4489 | 5424 2490 
  0x000000011b432dc0: c5f8 77e8 | b8e5 54f8 | 498b f7c5 | f877 49ba | b0e2 d105 | 0100 0000 | 41ff d20f | 1f44 0000 
  0x000000011b432de0: e9a6 fcff | ffbe 45ff | ffff 4889 | 5c24 0848 | ff74 2438 | 488f 4424 | 1048 895c | 2418 4489 
  0x000000011b432e00: 5c24 3489 | 7c24 3844 | 8944 243c | 4489 5424 | 4066 6690 | c5f8 77e8 | 64e5 54f8 | be45 ffff 
  0x000000011b432e20: ff48 891c | 2448 895c | 2410 4489 | 6c24 2844 | 895c 242c | 4489 5424 | 3466 6690 | c5f8 77e8 
  0x000000011b432e40: 3ce5 54f8 | bef6 ffff | ff66 6690 | c5f8 77e8 | 2ce5 54f8 | bef6 ffff | ff66 6690 | c5f8 77e8 
  0x000000011b432e60: 1ce5 54f8 | bef6 ffff | ff8b e844 | 890c 2444 | 8954 2404 | c5f8 77e8 | 04e5 54f8 | be45 ffff 
  0x000000011b432e80: ff4c 8914 | 2448 8954 | 2410 6690 | c5f8 77e8 | ece4 54f8 | 488b f0c5 | f877 4883 | c460 5de9 
  0x000000011b432ea0: dc32 57f8 | 49ba 722b | 431b 0100 | 0000 4d89 | 9790 0300 | 00e9 46f1 | 54f8 f4f4 | f4f4 f4f4 
  0x000000011b432ec0: e9bb 5e52 | f8e8 0000 | 0000 4883 | 2c24 05e9 | 4ce8 54f8 | f4f4 f4f4 
[/MachCode]
--------------------------------------------------------------------------------


---------------  P R O C E S S  ---------------

Threads class SMR info:
_java_thread_list=0x0000600002e20120, length=20, elements={
0x00007fe247809000, 0x00007fe24800d400, 0x00007fe248019e00, 0x00007fe246833e00,
0x00007fe24682aa00, 0x00007fe246830400, 0x00007fe246830a00, 0x00007fe24800fc00,
0x00007fe24788ba00, 0x00007fe246831000, 0x00007fe246831600, 0x00007fe246939200,
0x00007fe247809600, 0x00007fe246061000, 0x00007fe24682e400, 0x00007fe2479b1e00,
0x00007fe2479b4e00, 0x00007fe246ab1200, 0x00007fe247a3c000, 0x00007fe2460aa800
}

Java Threads: ( => current thread )
  0x00007fe247809000 JavaThread "main" [_thread_blocked, id=6659, stack(0x000070000b721000,0x000070000b821000)]
  0x00007fe24800d400 JavaThread "Reference Handler" daemon [_thread_blocked, id=17155, stack(0x000070000be36000,0x000070000bf36000)]
  0x00007fe248019e00 JavaThread "Finalizer" daemon [_thread_blocked, id=16899, stack(0x000070000bf39000,0x000070000c039000)]
  0x00007fe246833e00 JavaThread "Signal Dispatcher" daemon [_thread_blocked, id=43267, stack(0x000070000c142000,0x000070000c242000)]
  0x00007fe24682aa00 JavaThread "Service Thread" daemon [_thread_blocked, id=23043, stack(0x000070000c245000,0x000070000c345000)]
  0x00007fe246830400 JavaThread "Monitor Deflation Thread" daemon [_thread_blocked, id=23299, stack(0x000070000c348000,0x000070000c448000)]
  0x00007fe246830a00 JavaThread "C2 CompilerThread0" daemon [_thread_blocked, id=23555, stack(0x000070000c44b000,0x000070000c54b000)]
  0x00007fe24800fc00 JavaThread "C1 CompilerThread0" daemon [_thread_blocked, id=23811, stack(0x000070000c54e000,0x000070000c64e000)]
  0x00007fe24788ba00 JavaThread "Sweeper thread" daemon [_thread_blocked, id=24323, stack(0x000070000c651000,0x000070000c751000)]
  0x00007fe246831000 JavaThread "Common-Cleaner" daemon [_thread_blocked, id=24579, stack(0x000070000c754000,0x000070000c854000)]
  0x00007fe246831600 JavaThread "Monitor Ctrl-Break" daemon [_thread_in_native, id=41475, stack(0x000070000c857000,0x000070000c957000)]
  0x00007fe246939200 JavaThread "Notification Thread" daemon [_thread_blocked, id=25091, stack(0x000070000c95a000,0x000070000ca5a000)]
  0x00007fe247809600 JavaThread "QuantumRenderer-0" daemon [_thread_blocked, id=25859, stack(0x000070000cb60000,0x000070000cc60000)]
  0x00007fe246061000 JavaThread "InvokeLaterDispatcher" daemon [_thread_blocked, id=28931, stack(0x000070000cc63000,0x000070000cd63000)]
=>0x00007fe24682e400 JavaThread "JavaFX Application Thread" [_thread_in_Java, id=259, stack(0x00007ff7bb037000,0x00007ff7bb837000)]
  0x00007fe2479b1e00 JavaThread "JavaFX-Launcher" [_thread_blocked, id=55815, stack(0x000070000d401000,0x000070000d501000)]
  0x00007fe2479b4e00 JavaThread "Attach Listener" daemon [_thread_blocked, id=78867, stack(0x000070000cde9000,0x000070000cee9000)]
  0x00007fe246ab1200 JavaThread "Prism Font Disposer" daemon [_thread_blocked, id=58163, stack(0x000070000d587000,0x000070000d687000)]
  0x00007fe247a3c000 JavaThread "Cleaner-0" daemon [_thread_blocked, id=67843, stack(0x000070000d70d000,0x000070000d80d000)]
  0x00007fe2460aa800 JavaThread "PulseTimer-CVDisplayLink thread" daemon [_thread_in_native, id=1939, stack(0x000070000d504000,0x000070000d584000)]

Other Threads:
  0x00007fe245f04ea0 VMThread "VM Thread" [stack: 0x000070000bd33000,0x000070000be33000] [id=17667]
  0x00007fe245f08500 WatcherThread [stack: 0x000070000ca5d000,0x000070000cb5d000] [id=25347]
  0x00007fe247106800 GCTaskThread "GC Thread#0" [stack: 0x000070000b824000,0x000070000b924000] [id=19971]
  0x00007fe247028c50 GCTaskThread "GC Thread#1" [stack: 0x000070000d075000,0x000070000d175000] [id=78611]
  0x00007fe24712b8f0 GCTaskThread "GC Thread#2" [stack: 0x000070000d178000,0x000070000d278000] [id=78083]
  0x00007fe24712bbf0 GCTaskThread "GC Thread#3" [stack: 0x000070000d27b000,0x000070000d37b000] [id=51971]
  0x00007fe247106f00 ConcurrentGCThread "G1 Main Marker" [stack: 0x000070000b927000,0x000070000ba27000] [id=19715]
  0x00007fe2471077e0 ConcurrentGCThread "G1 Conc#0" [stack: 0x000070000ba2a000,0x000070000bb2a000] [id=13315]
  0x00007fe247005fe0 ConcurrentGCThread "G1 Refine#0" [stack: 0x000070000bb2d000,0x000070000bc2d000] [id=13571]
  0x00007fe2470068d0 ConcurrentGCThread "G1 Service" [stack: 0x000070000bc30000,0x000070000bd30000] [id=13827]

Threads with active compile tasks:

VM state: not at safepoint (normal execution)

VM Mutex/Monitor currently owned by a thread: None

Heap address: 0x0000000780000000, size: 2048 MB, Compressed Oops mode: Zero based, Oop shift amount: 3

CDS archive(s) mapped at: [0x0000000800000000-0x0000000800bec000-0x0000000800bec000), size 12500992, SharedBaseAddress: 0x0000000800000000, ArchiveRelocationMode: 0.
Compressed class space mapped at: 0x0000000800c00000-0x0000000840c00000, reserved size: 1073741824
Narrow klass base: 0x0000000800000000, Narrow klass shift: 3, Narrow klass range: 0x100000000

GC Precious Log:
 CPUs: 4 total, 4 available
 Memory: 8192M
 Large Page Support: Disabled
 NUMA Support: Disabled
 Compressed Oops: Enabled (Zero based)
 Heap Region Size: 1M
 Heap Min Capacity: 8M
 Heap Initial Capacity: 128M
 Heap Max Capacity: 2G
 Pre-touch: Disabled
 Parallel Workers: 4
 Concurrent Workers: 1
 Concurrent Refinement Workers: 4
 Periodic GC: Disabled

Heap:
 garbage-first heap   total 133120K, used 18502K [0x0000000780000000, 0x0000000800000000)
  region size 1024K, 14 young (14336K), 3 survivors (3072K)
 Metaspace       used 12356K, committed 12544K, reserved 1064960K
  class space    used 1653K, committed 1728K, reserved 1048576K

Heap Regions: E=young(eden), S=young(survivor), O=old, HS=humongous(starts), HC=humongous(continues), CS=collection set, F=free, OA=open archive, CA=closed archive, TAMS=top-at-mark-start (previous, next)
|   0|0x0000000780000000, 0x0000000780100000, 0x0000000780100000|100%| O|  |TAMS 0x0000000780000000, 0x0000000780000000| Untracked 
|   1|0x0000000780100000, 0x0000000780200000, 0x0000000780200000|100%| O|  |TAMS 0x0000000780100000, 0x0000000780100000| Untracked 
|   2|0x0000000780200000, 0x0000000780217a00, 0x0000000780300000|  9%| O|  |TAMS 0x0000000780200000, 0x0000000780200000| Untracked 
|   3|0x0000000780300000, 0x0000000780400000, 0x0000000780400000|100%|HS|  |TAMS 0x0000000780300000, 0x0000000780300000| Complete 
|   4|0x0000000780400000, 0x0000000780500000, 0x0000000780500000|100%|HC|  |TAMS 0x0000000780400000, 0x0000000780400000| Complete 
|   5|0x0000000780500000, 0x0000000780500000, 0x0000000780600000|  0%| F|  |TAMS 0x0000000780500000, 0x0000000780500000| Untracked 
|   6|0x0000000780600000, 0x0000000780600000, 0x0000000780700000|  0%| F|  |TAMS 0x0000000780600000, 0x0000000780600000| Untracked 
|   7|0x0000000780700000, 0x0000000780700000, 0x0000000780800000|  0%| F|  |TAMS 0x0000000780700000, 0x0000000780700000| Untracked 
|   8|0x0000000780800000, 0x0000000780800000, 0x0000000780900000|  0%| F|  |TAMS 0x0000000780800000, 0x0000000780800000| Untracked 
|   9|0x0000000780900000, 0x0000000780900000, 0x0000000780a00000|  0%| F|  |TAMS 0x0000000780900000, 0x0000000780900000| Untracked 
|  10|0x0000000780a00000, 0x0000000780a00000, 0x0000000780b00000|  0%| F|  |TAMS 0x0000000780a00000, 0x0000000780a00000| Untracked 
|  11|0x0000000780b00000, 0x0000000780b00000, 0x0000000780c00000|  0%| F|  |TAMS 0x0000000780b00000, 0x0000000780b00000| Untracked 
|  12|0x0000000780c00000, 0x0000000780c00000, 0x0000000780d00000|  0%| F|  |TAMS 0x0000000780c00000, 0x0000000780c00000| Untracked 
|  13|0x0000000780d00000, 0x0000000780d00000, 0x0000000780e00000|  0%| F|  |TAMS 0x0000000780d00000, 0x0000000780d00000| Untracked 
|  14|0x0000000780e00000, 0x0000000780e00000, 0x0000000780f00000|  0%| F|  |TAMS 0x0000000780e00000, 0x0000000780e00000| Untracked 
|  15|0x0000000780f00000, 0x0000000780f00000, 0x0000000781000000|  0%| F|  |TAMS 0x0000000780f00000, 0x0000000780f00000| Untracked 
|  16|0x0000000781000000, 0x0000000781000000, 0x0000000781100000|  0%| F|  |TAMS 0x0000000781000000, 0x0000000781000000| Untracked 
|  17|0x0000000781100000, 0x0000000781100000, 0x0000000781200000|  0%| F|  |TAMS 0x0000000781100000, 0x0000000781100000| Untracked 
|  18|0x0000000781200000, 0x0000000781200000, 0x0000000781300000|  0%| F|  |TAMS 0x0000000781200000, 0x0000000781200000| Untracked 
|  19|0x0000000781300000, 0x0000000781300000, 0x0000000781400000|  0%| F|  |TAMS 0x0000000781300000, 0x0000000781300000| Untracked 
|  20|0x0000000781400000, 0x0000000781400000, 0x0000000781500000|  0%| F|  |TAMS 0x0000000781400000, 0x0000000781400000| Untracked 
|  21|0x0000000781500000, 0x0000000781500000, 0x0000000781600000|  0%| F|  |TAMS 0x0000000781500000, 0x0000000781500000| Untracked 
|  22|0x0000000781600000, 0x0000000781600000, 0x0000000781700000|  0%| F|  |TAMS 0x0000000781600000, 0x0000000781600000| Untracked 
|  23|0x0000000781700000, 0x0000000781700000, 0x0000000781800000|  0%| F|  |TAMS 0x0000000781700000, 0x0000000781700000| Untracked 
|  24|0x0000000781800000, 0x0000000781800000, 0x0000000781900000|  0%| F|  |TAMS 0x0000000781800000, 0x0000000781800000| Untracked 
|  25|0x0000000781900000, 0x0000000781900000, 0x0000000781a00000|  0%| F|  |TAMS 0x0000000781900000, 0x0000000781900000| Untracked 
|  26|0x0000000781a00000, 0x0000000781a00000, 0x0000000781b00000|  0%| F|  |TAMS 0x0000000781a00000, 0x0000000781a00000| Untracked 
|  27|0x0000000781b00000, 0x0000000781b00000, 0x0000000781c00000|  0%| F|  |TAMS 0x0000000781b00000, 0x0000000781b00000| Untracked 
|  28|0x0000000781c00000, 0x0000000781c00000, 0x0000000781d00000|  0%| F|  |TAMS 0x0000000781c00000, 0x0000000781c00000| Untracked 
|  29|0x0000000781d00000, 0x0000000781d00000, 0x0000000781e00000|  0%| F|  |TAMS 0x0000000781d00000, 0x0000000781d00000| Untracked 
|  30|0x0000000781e00000, 0x0000000781e00000, 0x0000000781f00000|  0%| F|  |TAMS 0x0000000781e00000, 0x0000000781e00000| Untracked 
|  31|0x0000000781f00000, 0x0000000781f00000, 0x0000000782000000|  0%| F|  |TAMS 0x0000000781f00000, 0x0000000781f00000| Untracked 
|  32|0x0000000782000000, 0x0000000782000000, 0x0000000782100000|  0%| F|  |TAMS 0x0000000782000000, 0x0000000782000000| Untracked 
|  33|0x0000000782100000, 0x0000000782100000, 0x0000000782200000|  0%| F|  |TAMS 0x0000000782100000, 0x0000000782100000| Untracked 
|  34|0x0000000782200000, 0x0000000782200000, 0x0000000782300000|  0%| F|  |TAMS 0x0000000782200000, 0x0000000782200000| Untracked 
|  35|0x0000000782300000, 0x0000000782300000, 0x0000000782400000|  0%| F|  |TAMS 0x0000000782300000, 0x0000000782300000| Untracked 
|  36|0x0000000782400000, 0x0000000782400000, 0x0000000782500000|  0%| F|  |TAMS 0x0000000782400000, 0x0000000782400000| Untracked 
|  37|0x0000000782500000, 0x0000000782500000, 0x0000000782600000|  0%| F|  |TAMS 0x0000000782500000, 0x0000000782500000| Untracked 
|  38|0x0000000782600000, 0x0000000782600000, 0x0000000782700000|  0%| F|  |TAMS 0x0000000782600000, 0x0000000782600000| Untracked 
|  39|0x0000000782700000, 0x0000000782700000, 0x0000000782800000|  0%| F|  |TAMS 0x0000000782700000, 0x0000000782700000| Untracked 
|  40|0x0000000782800000, 0x0000000782800000, 0x0000000782900000|  0%| F|  |TAMS 0x0000000782800000, 0x0000000782800000| Untracked 
|  41|0x0000000782900000, 0x0000000782900000, 0x0000000782a00000|  0%| F|  |TAMS 0x0000000782900000, 0x0000000782900000| Untracked 
|  42|0x0000000782a00000, 0x0000000782a00000, 0x0000000782b00000|  0%| F|  |TAMS 0x0000000782a00000, 0x0000000782a00000| Untracked 
|  43|0x0000000782b00000, 0x0000000782b00000, 0x0000000782c00000|  0%| F|  |TAMS 0x0000000782b00000, 0x0000000782b00000| Untracked 
|  44|0x0000000782c00000, 0x0000000782c00000, 0x0000000782d00000|  0%| F|  |TAMS 0x0000000782c00000, 0x0000000782c00000| Untracked 
|  45|0x0000000782d00000, 0x0000000782d00000, 0x0000000782e00000|  0%| F|  |TAMS 0x0000000782d00000, 0x0000000782d00000| Untracked 
|  46|0x0000000782e00000, 0x0000000782e00000, 0x0000000782f00000|  0%| F|  |TAMS 0x0000000782e00000, 0x0000000782e00000| Untracked 
|  47|0x0000000782f00000, 0x0000000782f00000, 0x0000000783000000|  0%| F|  |TAMS 0x0000000782f00000, 0x0000000782f00000| Untracked 
|  48|0x0000000783000000, 0x0000000783000000, 0x0000000783100000|  0%| F|  |TAMS 0x0000000783000000, 0x0000000783000000| Untracked 
|  49|0x0000000783100000, 0x0000000783100000, 0x0000000783200000|  0%| F|  |TAMS 0x0000000783100000, 0x0000000783100000| Untracked 
|  50|0x0000000783200000, 0x0000000783200000, 0x0000000783300000|  0%| F|  |TAMS 0x0000000783200000, 0x0000000783200000| Untracked 
|  51|0x0000000783300000, 0x0000000783300000, 0x0000000783400000|  0%| F|  |TAMS 0x0000000783300000, 0x0000000783300000| Untracked 
|  52|0x0000000783400000, 0x0000000783400000, 0x0000000783500000|  0%| F|  |TAMS 0x0000000783400000, 0x0000000783400000| Untracked 
|  53|0x0000000783500000, 0x0000000783500000, 0x0000000783600000|  0%| F|  |TAMS 0x0000000783500000, 0x0000000783500000| Untracked 
|  54|0x0000000783600000, 0x0000000783600000, 0x0000000783700000|  0%| F|  |TAMS 0x0000000783600000, 0x0000000783600000| Untracked 
|  55|0x0000000783700000, 0x0000000783700000, 0x0000000783800000|  0%| F|  |TAMS 0x0000000783700000, 0x0000000783700000| Untracked 
|  56|0x0000000783800000, 0x0000000783800000, 0x0000000783900000|  0%| F|  |TAMS 0x0000000783800000, 0x0000000783800000| Untracked 
|  57|0x0000000783900000, 0x0000000783900000, 0x0000000783a00000|  0%| F|  |TAMS 0x0000000783900000, 0x0000000783900000| Untracked 
|  58|0x0000000783a00000, 0x0000000783a00000, 0x0000000783b00000|  0%| F|  |TAMS 0x0000000783a00000, 0x0000000783a00000| Untracked 
|  59|0x0000000783b00000, 0x0000000783b00000, 0x0000000783c00000|  0%| F|  |TAMS 0x0000000783b00000, 0x0000000783b00000| Untracked 
|  60|0x0000000783c00000, 0x0000000783c00000, 0x0000000783d00000|  0%| F|  |TAMS 0x0000000783c00000, 0x0000000783c00000| Untracked 
|  61|0x0000000783d00000, 0x0000000783d00000, 0x0000000783e00000|  0%| F|  |TAMS 0x0000000783d00000, 0x0000000783d00000| Untracked 
|  62|0x0000000783e00000, 0x0000000783e00000, 0x0000000783f00000|  0%| F|  |TAMS 0x0000000783e00000, 0x0000000783e00000| Untracked 
|  63|0x0000000783f00000, 0x0000000783f00000, 0x0000000784000000|  0%| F|  |TAMS 0x0000000783f00000, 0x0000000783f00000| Untracked 
|  64|0x0000000784000000, 0x0000000784000000, 0x0000000784100000|  0%| F|  |TAMS 0x0000000784000000, 0x0000000784000000| Untracked 
|  65|0x0000000784100000, 0x0000000784100000, 0x0000000784200000|  0%| F|  |TAMS 0x0000000784100000, 0x0000000784100000| Untracked 
|  66|0x0000000784200000, 0x0000000784200000, 0x0000000784300000|  0%| F|  |TAMS 0x0000000784200000, 0x0000000784200000| Untracked 
|  67|0x0000000784300000, 0x0000000784300000, 0x0000000784400000|  0%| F|  |TAMS 0x0000000784300000, 0x0000000784300000| Untracked 
|  68|0x0000000784400000, 0x0000000784400000, 0x0000000784500000|  0%| F|  |TAMS 0x0000000784400000, 0x0000000784400000| Untracked 
|  69|0x0000000784500000, 0x0000000784500000, 0x0000000784600000|  0%| F|  |TAMS 0x0000000784500000, 0x0000000784500000| Untracked 
|  70|0x0000000784600000, 0x0000000784600000, 0x0000000784700000|  0%| F|  |TAMS 0x0000000784600000, 0x0000000784600000| Untracked 
|  71|0x0000000784700000, 0x0000000784700000, 0x0000000784800000|  0%| F|  |TAMS 0x0000000784700000, 0x0000000784700000| Untracked 
|  72|0x0000000784800000, 0x0000000784800000, 0x0000000784900000|  0%| F|  |TAMS 0x0000000784800000, 0x0000000784800000| Untracked 
|  73|0x0000000784900000, 0x0000000784900000, 0x0000000784a00000|  0%| F|  |TAMS 0x0000000784900000, 0x0000000784900000| Untracked 
|  74|0x0000000784a00000, 0x0000000784a00000, 0x0000000784b00000|  0%| F|  |TAMS 0x0000000784a00000, 0x0000000784a00000| Untracked 
|  75|0x0000000784b00000, 0x0000000784b00000, 0x0000000784c00000|  0%| F|  |TAMS 0x0000000784b00000, 0x0000000784b00000| Untracked 
|  76|0x0000000784c00000, 0x0000000784c00000, 0x0000000784d00000|  0%| F|  |TAMS 0x0000000784c00000, 0x0000000784c00000| Untracked 
|  77|0x0000000784d00000, 0x0000000784d00000, 0x0000000784e00000|  0%| F|  |TAMS 0x0000000784d00000, 0x0000000784d00000| Untracked 
|  78|0x0000000784e00000, 0x0000000784e00000, 0x0000000784f00000|  0%| F|  |TAMS 0x0000000784e00000, 0x0000000784e00000| Untracked 
|  79|0x0000000784f00000, 0x0000000784f00000, 0x0000000785000000|  0%| F|  |TAMS 0x0000000784f00000, 0x0000000784f00000| Untracked 
|  80|0x0000000785000000, 0x0000000785000000, 0x0000000785100000|  0%| F|  |TAMS 0x0000000785000000, 0x0000000785000000| Untracked 
|  81|0x0000000785100000, 0x0000000785100000, 0x0000000785200000|  0%| F|  |TAMS 0x0000000785100000, 0x0000000785100000| Untracked 
|  82|0x0000000785200000, 0x0000000785200000, 0x0000000785300000|  0%| F|  |TAMS 0x0000000785200000, 0x0000000785200000| Untracked 
|  83|0x0000000785300000, 0x0000000785300000, 0x0000000785400000|  0%| F|  |TAMS 0x0000000785300000, 0x0000000785300000| Untracked 
|  84|0x0000000785400000, 0x0000000785400000, 0x0000000785500000|  0%| F|  |TAMS 0x0000000785400000, 0x0000000785400000| Untracked 
|  85|0x0000000785500000, 0x0000000785500000, 0x0000000785600000|  0%| F|  |TAMS 0x0000000785500000, 0x0000000785500000| Untracked 
|  86|0x0000000785600000, 0x0000000785600000, 0x0000000785700000|  0%| F|  |TAMS 0x0000000785600000, 0x0000000785600000| Untracked 
|  87|0x0000000785700000, 0x0000000785700000, 0x0000000785800000|  0%| F|  |TAMS 0x0000000785700000, 0x0000000785700000| Untracked 
|  88|0x0000000785800000, 0x0000000785800000, 0x0000000785900000|  0%| F|  |TAMS 0x0000000785800000, 0x0000000785800000| Untracked 
|  89|0x0000000785900000, 0x0000000785900000, 0x0000000785a00000|  0%| F|  |TAMS 0x0000000785900000, 0x0000000785900000| Untracked 
|  90|0x0000000785a00000, 0x0000000785a00000, 0x0000000785b00000|  0%| F|  |TAMS 0x0000000785a00000, 0x0000000785a00000| Untracked 
|  91|0x0000000785b00000, 0x0000000785b00000, 0x0000000785c00000|  0%| F|  |TAMS 0x0000000785b00000, 0x0000000785b00000| Untracked 
|  92|0x0000000785c00000, 0x0000000785c00000, 0x0000000785d00000|  0%| F|  |TAMS 0x0000000785c00000, 0x0000000785c00000| Untracked 
|  93|0x0000000785d00000, 0x0000000785d00000, 0x0000000785e00000|  0%| F|  |TAMS 0x0000000785d00000, 0x0000000785d00000| Untracked 
|  94|0x0000000785e00000, 0x0000000785e00000, 0x0000000785f00000|  0%| F|  |TAMS 0x0000000785e00000, 0x0000000785e00000| Untracked 
|  95|0x0000000785f00000, 0x0000000785f00000, 0x0000000786000000|  0%| F|  |TAMS 0x0000000785f00000, 0x0000000785f00000| Untracked 
|  96|0x0000000786000000, 0x0000000786000000, 0x0000000786100000|  0%| F|  |TAMS 0x0000000786000000, 0x0000000786000000| Untracked 
|  97|0x0000000786100000, 0x0000000786100000, 0x0000000786200000|  0%| F|  |TAMS 0x0000000786100000, 0x0000000786100000| Untracked 
|  98|0x0000000786200000, 0x0000000786200000, 0x0000000786300000|  0%| F|  |TAMS 0x0000000786200000, 0x0000000786200000| Untracked 
|  99|0x0000000786300000, 0x0000000786300000, 0x0000000786400000|  0%| F|  |TAMS 0x0000000786300000, 0x0000000786300000| Untracked 
| 100|0x0000000786400000, 0x0000000786400000, 0x0000000786500000|  0%| F|  |TAMS 0x0000000786400000, 0x0000000786400000| Untracked 
| 101|0x0000000786500000, 0x0000000786600000, 0x0000000786600000|100%| S|CS|TAMS 0x0000000786500000, 0x0000000786500000| Complete 
| 102|0x0000000786600000, 0x0000000786700000, 0x0000000786700000|100%| S|CS|TAMS 0x0000000786600000, 0x0000000786600000| Complete 
| 103|0x0000000786700000, 0x0000000786800000, 0x0000000786800000|100%| S|CS|TAMS 0x0000000786700000, 0x0000000786700000| Complete 
| 104|0x0000000786800000, 0x0000000786800000, 0x0000000786900000|  0%| F|  |TAMS 0x0000000786800000, 0x0000000786800000| Untracked 
| 105|0x0000000786900000, 0x0000000786900000, 0x0000000786a00000|  0%| F|  |TAMS 0x0000000786900000, 0x0000000786900000| Untracked 
| 106|0x0000000786a00000, 0x0000000786a00000, 0x0000000786b00000|  0%| F|  |TAMS 0x0000000786a00000, 0x0000000786a00000| Untracked 
| 107|0x0000000786b00000, 0x0000000786b00000, 0x0000000786c00000|  0%| F|  |TAMS 0x0000000786b00000, 0x0000000786b00000| Untracked 
| 108|0x0000000786c00000, 0x0000000786c00000, 0x0000000786d00000|  0%| F|  |TAMS 0x0000000786c00000, 0x0000000786c00000| Untracked 
| 109|0x0000000786d00000, 0x0000000786d00000, 0x0000000786e00000|  0%| F|  |TAMS 0x0000000786d00000, 0x0000000786d00000| Untracked 
| 110|0x0000000786e00000, 0x0000000786e00000, 0x0000000786f00000|  0%| F|  |TAMS 0x0000000786e00000, 0x0000000786e00000| Untracked 
| 111|0x0000000786f00000, 0x0000000786f00000, 0x0000000787000000|  0%| F|  |TAMS 0x0000000786f00000, 0x0000000786f00000| Untracked 
| 112|0x0000000787000000, 0x0000000787000000, 0x0000000787100000|  0%| F|  |TAMS 0x0000000787000000, 0x0000000787000000| Untracked 
| 113|0x0000000787100000, 0x0000000787100000, 0x0000000787200000|  0%| F|  |TAMS 0x0000000787100000, 0x0000000787100000| Untracked 
| 114|0x0000000787200000, 0x0000000787200000, 0x0000000787300000|  0%| F|  |TAMS 0x0000000787200000, 0x0000000787200000| Untracked 
| 115|0x0000000787300000, 0x0000000787300000, 0x0000000787400000|  0%| F|  |TAMS 0x0000000787300000, 0x0000000787300000| Untracked 
| 116|0x0000000787400000, 0x0000000787400000, 0x0000000787500000|  0%| F|  |TAMS 0x0000000787400000, 0x0000000787400000| Untracked 
| 117|0x0000000787500000, 0x0000000787600000, 0x0000000787600000|100%| E|  |TAMS 0x0000000787500000, 0x0000000787500000| Complete 
| 118|0x0000000787600000, 0x0000000787700000, 0x0000000787700000|100%| E|CS|TAMS 0x0000000787600000, 0x0000000787600000| Complete 
| 119|0x0000000787700000, 0x0000000787800000, 0x0000000787800000|100%| E|CS|TAMS 0x0000000787700000, 0x0000000787700000| Complete 
| 120|0x0000000787800000, 0x0000000787900000, 0x0000000787900000|100%| E|CS|TAMS 0x0000000787800000, 0x0000000787800000| Complete 
| 121|0x0000000787900000, 0x0000000787a00000, 0x0000000787a00000|100%| E|CS|TAMS 0x0000000787900000, 0x0000000787900000| Complete 
| 122|0x0000000787a00000, 0x0000000787b00000, 0x0000000787b00000|100%| E|CS|TAMS 0x0000000787a00000, 0x0000000787a00000| Complete 
| 123|0x0000000787b00000, 0x0000000787c00000, 0x0000000787c00000|100%| E|CS|TAMS 0x0000000787b00000, 0x0000000787b00000| Complete 
| 124|0x0000000787c00000, 0x0000000787d00000, 0x0000000787d00000|100%| E|CS|TAMS 0x0000000787c00000, 0x0000000787c00000| Complete 
| 125|0x0000000787d00000, 0x0000000787e00000, 0x0000000787e00000|100%| E|CS|TAMS 0x0000000787d00000, 0x0000000787d00000| Complete 
| 126|0x0000000787e00000, 0x0000000787f00000, 0x0000000787f00000|100%| E|CS|TAMS 0x0000000787e00000, 0x0000000787e00000| Complete 
| 127|0x0000000787f00000, 0x0000000788000000, 0x0000000788000000|100%| E|CS|TAMS 0x0000000787f00000, 0x0000000787f00000| Complete 
|1022|0x00000007bfe00000, 0x00000007bfe75000, 0x00000007bff00000| 45%|OA|  |TAMS 0x00000007bfe00000, 0x00000007bfe00000| Untracked 
|1023|0x00000007bff00000, 0x00000007bff85000, 0x00000007c0000000| 51%|CA|  |TAMS 0x00000007bff00000, 0x00000007bff00000| Untracked 

Card table byte_map: [0x0000000104ecc000,0x00000001052cc000] _byte_map_base: 0x00000001012cc000

Marking Bits (Prev, Next): (CMBitMap*) 0x00007fe24782b210, (CMBitMap*) 0x00007fe24782b250
 Prev Bits: [0x0000000106a70000, 0x0000000108a70000)
 Next Bits: [0x0000000108a70000, 0x000000010aa70000)

Polling page: 0x00000001047f0000

Metaspace:

Usage:
  Non-class:     10.45 MB used.
      Class:      1.61 MB used.
       Both:     12.07 MB used.

Virtual space:
  Non-class space:       16.00 MB reserved,      10.56 MB ( 66%) committed,  2 nodes.
      Class space:        1.00 GB reserved,       1.69 MB ( <1%) committed,  1 nodes.
              Both:        1.02 GB reserved,      12.25 MB (  1%) committed. 

Chunk freelists:
   Non-Class:  672.00 KB
       Class:  2.14 MB
        Both:  2.79 MB

MaxMetaspaceSize: 17179869184.00 GB
CompressedClassSpaceSize: 1.00 GB
 - commit_granule_bytes: 65536.
 - commit_granule_words: 8192.
 - virtual_space_node_default_size: 1048576.
 - enlarge_chunks_in_place: 1.
 - new_chunks_are_fully_committed: 0.
 - uncommit_free_chunks: 1.
 - use_allocation_guard: 0.
 - handle_deallocations: 1.


Internal statistics:

num_allocs_failed_limit: 0.
num_arena_births: 160.
num_arena_deaths: 0.
num_vsnodes_births: 3.
num_vsnodes_deaths: 0.
num_space_committed: 196.
num_space_uncommitted: 0.
num_chunks_returned_to_freelist: 0.
num_chunks_taken_from_freelist: 533.
num_chunk_merges: 0.
num_chunk_splits: 386.
num_chunks_enlarged: 315.
num_purges: 0.

CodeHeap 'non-profiled nmethods': size=120032Kb used=647Kb max_used=647Kb free=119384Kb
 bounds [0x000000011b3fc000, 0x000000011b66c000, 0x0000000122934000]
CodeHeap 'profiled nmethods': size=120028Kb used=3261Kb max_used=3261Kb free=116766Kb
 bounds [0x0000000113ec5000, 0x00000001141f5000, 0x000000011b3fc000]
CodeHeap 'non-nmethods': size=5700Kb used=1395Kb max_used=1414Kb free=4304Kb
 bounds [0x0000000113934000, 0x0000000113ba4000, 0x0000000113ec5000]
 total_blobs=2629 nmethods=1875 adapters=667
 compilation: enabled
              stopped_count=0, restarted_count=0
 full_count=0

Compilation events (20 events):
Event: 4.137 Thread 0x00007fe246830a00 1860       4       java.lang.Class::getName (18 bytes)
Event: 4.137 Thread 0x00007fe24800fc00 1861       3       java.lang.Enum::equals (11 bytes)
Event: 4.137 Thread 0x00007fe24800fc00 nmethod 1861 0x00000001141f0710 code [0x00000001141f08a0, 0x00000001141f0a10]
Event: 4.138 Thread 0x00007fe246830a00 nmethod 1860 0x000000011b49bb90 code [0x000000011b49bd20, 0x000000011b49bdc8]
Event: 4.139 Thread 0x00007fe246830a00 1862       4       java.lang.String::equals (50 bytes)
Event: 4.141 Thread 0x00007fe246830a00 nmethod 1862 0x000000011b49be90 code [0x000000011b49c020, 0x000000011b49c1f8]
Event: 4.142 Thread 0x00007fe24800fc00 1863       3       sun.util.logging.internal.LoggingProviderImpl$JULWrapper::toJUL (40 bytes)
Event: 4.143 Thread 0x00007fe246830a00 1865       4       com.sun.javafx.collections.ObservableListWrapper::size (10 bytes)
Event: 4.143 Thread 0x00007fe24800fc00 nmethod 1863 0x00000001141f0a90 code [0x00000001141f0c40, 0x00000001141f0df0]
Event: 4.143 Thread 0x00007fe24800fc00 1864       3       com.sun.javafx.util.Logging::getLayoutLogger (18 bytes)
Event: 4.143 Thread 0x00007fe24800fc00 nmethod 1864 0x00000001141f0f10 code [0x00000001141f10c0, 0x00000001141f12a0]
Event: 4.144 Thread 0x00007fe246830a00 nmethod 1865 0x000000011b49c290 code [0x000000011b49c420, 0x000000011b49c4d8]
Event: 4.144 Thread 0x00007fe246830a00 1866       4       java.lang.StringBuilder::toString (35 bytes)
Event: 4.147 Thread 0x00007fe24800fc00 1872       3       java.util.WeakHashMap::get (75 bytes)
Event: 4.148 Thread 0x00007fe24800fc00 nmethod 1872 0x00000001141f1390 code [0x00000001141f15c0, 0x00000001141f1e90]
Event: 4.149 Thread 0x00007fe24800fc00 1870       1       java.lang.Module::getName (5 bytes)
Event: 4.149 Thread 0x00007fe24800fc00 nmethod 1870 0x000000011b49c590 code [0x000000011b49c720, 0x000000011b49c7f0]
Event: 4.149 Thread 0x00007fe24800fc00 1868       3       com.sun.prism.impl.ps.BaseShaderContext::setTexture (44 bytes)
Event: 4.149 Thread 0x00007fe24800fc00 nmethod 1868 0x00000001141f2210 code [0x00000001141f2400, 0x00000001141f2a80]
Event: 4.149 Thread 0x00007fe24800fc00 1871       3       com.sun.prism.impl.BaseGraphics::validateTransformAndPaint (71 bytes)

GC Heap History (4 events):
Event: 0.802 GC heap before
{Heap before GC invocations=0 (full 0):
 garbage-first heap   total 133120K, used 13288K [0x0000000780000000, 0x0000000800000000)
  region size 1024K, 13 young (13312K), 0 survivors (0K)
 Metaspace       used 4182K, committed 4352K, reserved 1056768K
  class space    used 448K, committed 576K, reserved 1048576K
}
Event: 0.805 GC heap after
{Heap after GC invocations=1 (full 0):
 garbage-first heap   total 133120K, used 3143K [0x0000000780000000, 0x0000000800000000)
  region size 1024K, 2 young (2048K), 2 survivors (2048K)
 Metaspace       used 4182K, committed 4352K, reserved 1056768K
  class space    used 448K, committed 576K, reserved 1048576K
}
Event: 2.191 GC heap before
{Heap before GC invocations=1 (full 0):
 garbage-first heap   total 133120K, used 24647K [0x0000000780000000, 0x0000000800000000)
  region size 1024K, 24 young (24576K), 2 survivors (2048K)
 Metaspace       used 10045K, committed 10240K, reserved 1064960K
  class space    used 1377K, committed 1472K, reserved 1048576K
}
Event: 2.198 GC heap after
{Heap after GC invocations=2 (full 0):
 garbage-first heap   total 133120K, used 6214K [0x0000000780000000, 0x0000000800000000)
  region size 1024K, 3 young (3072K), 3 survivors (3072K)
 Metaspace       used 10045K, committed 10240K, reserved 1064960K
  class space    used 1377K, committed 1472K, reserved 1048576K
}

Deoptimization events (20 events):
Event: 3.143 Thread 0x00007fe24682e400 Uncommon trap: trap_request=0xffffff45 fr.pc=0x000000011b471dc4 relative=0x00000000000001a4
Event: 3.143 Thread 0x00007fe24682e400 Uncommon trap: reason=unstable_if action=reinterpret pc=0x000000011b471dc4 method=javafx.scene.Node.updateGeomBounds()V @ 4 c2
Event: 3.143 Thread 0x00007fe24682e400 DEOPT PACKING pc=0x000000011b471dc4 sp=0x00007ff7bb832060
Event: 3.143 Thread 0x00007fe24682e400 DEOPT UNPACKING pc=0x0000000113981424 sp=0x00007ff7bb831f00 mode 2
Event: 3.143 Thread 0x00007fe24682e400 Uncommon trap: trap_request=0xffffff45 fr.pc=0x000000011b46f52c relative=0x000000000000008c
Event: 3.143 Thread 0x00007fe24682e400 Uncommon trap: reason=unstable_if action=reinterpret pc=0x000000011b46f52c method=com.sun.javafx.geom.RectBounds.isEmpty()Z @ 9 c2
Event: 3.143 Thread 0x00007fe24682e400 DEOPT PACKING pc=0x000000011b46f52c sp=0x00007ff7bb831fb0
Event: 3.143 Thread 0x00007fe24682e400 DEOPT UNPACKING pc=0x0000000113981424 sp=0x00007ff7bb831f70 mode 2
Event: 3.143 Thread 0x00007fe24682e400 Uncommon trap: trap_request=0xffffff45 fr.pc=0x000000011b46fef8 relative=0x00000000000000d8
Event: 3.143 Thread 0x00007fe24682e400 Uncommon trap: reason=unstable_if action=reinterpret pc=0x000000011b46fef8 method=com.sun.javafx.geom.RectBounds.isEmpty()Z @ 9 c2
Event: 3.143 Thread 0x00007fe24682e400 DEOPT PACKING pc=0x000000011b46fef8 sp=0x00007ff7bb831f90
Event: 3.143 Thread 0x00007fe24682e400 DEOPT UNPACKING pc=0x0000000113981424 sp=0x00007ff7bb831ef8 mode 2
Event: 3.207 Thread 0x00007fe24682e400 Uncommon trap: trap_request=0xffffff45 fr.pc=0x000000011b476c68 relative=0x0000000000000788
Event: 3.207 Thread 0x00007fe24682e400 Uncommon trap: reason=unstable_if action=reinterpret pc=0x000000011b476c68 method=javafx.scene.Node.updateGeomBounds()V @ 4 c2
Event: 3.207 Thread 0x00007fe24682e400 DEOPT PACKING pc=0x000000011b476c68 sp=0x00007ff7bb8325e0
Event: 3.207 Thread 0x00007fe24682e400 DEOPT UNPACKING pc=0x0000000113981424 sp=0x00007ff7bb8322f8 mode 2
Event: 3.552 Thread 0x00007fe24682e400 DEOPT PACKING pc=0x0000000114132813 sp=0x00007ff7bb831b70
Event: 3.552 Thread 0x00007fe24682e400 DEOPT UNPACKING pc=0x0000000113981bba sp=0x00007ff7bb831048 mode 0
Event: 3.554 Thread 0x00007fe24682e400 DEOPT PACKING pc=0x0000000114132813 sp=0x00007ff7bb831b10
Event: 3.554 Thread 0x00007fe24682e400 DEOPT UNPACKING pc=0x0000000113981bba sp=0x00007ff7bb830fe8 mode 0

Classes unloaded (0 events):
No events

Classes redefined (0 events):
No events

Internal exceptions (20 events):
Event: 0.824 Thread 0x00007fe2479b1e00 Exception <a 'java/lang/NoSuchMethodError'{0x0000000787e81e10}: 'void java.lang.invoke.DirectMethodHandle$Holder.invokeStatic(java.lang.Object, java.lang.Object, java.lang.Object, java.lang.Object)'> (0x0000000787e81e10) 
thrown [src/hotspot/share/interpreter/linkResolver.cpp, line 790]
Event: 0.941 Thread 0x00007fe24682e400 Exception <a 'java/lang/NoSuchMethodError'{0x0000000787918730}: 'java.lang.Object java.lang.invoke.DirectMethodHandle$Holder.invokeStaticInit(java.lang.Object, java.lang.Object, java.lang.Object, java.lang.Object)'> (0x0000000787918730) 
thrown [src/hotspot/share/interpreter/linkResolver.cpp, line 790]
Event: 0.942 Thread 0x00007fe24682e400 Exception <a 'java/lang/NullPointerException'{0x0000000787924758}> (0x0000000787924758) 
thrown [src/hotspot/share/interpreter/linkResolver.cpp, line 1385]
Event: 0.953 Thread 0x00007fe24682e400 Exception <a 'java/lang/NoSuchMethodError'{0x0000000787966100}: 'void java.lang.invoke.DirectMethodHandle$Holder.invokeSpecial(java.lang.Object, java.lang.Object, java.lang.Object, java.lang.Object, java.lang.Object)'> (0x0000000787966100) 
thrown [src/hotspot/share/interpreter/linkResolver.cpp, line 790]
Event: 1.254 Thread 0x00007fe24682e400 Exception <a 'java/lang/NoSuchMethodError'{0x00000007873d6a90}: 'void java.lang.invoke.DirectMethodHandle$Holder.invokeStaticInit(java.lang.Object, java.lang.Object)'> (0x00000007873d6a90) 
thrown [src/hotspot/share/interpreter/linkResolver.cpp, line 790]
Event: 1.341 Thread 0x00007fe24682e400 Exception <a 'sun/nio/fs/UnixException'{0x0000000786ec1a58}> (0x0000000786ec1a58) 
thrown [src/hotspot/share/prims/jni.cpp, line 579]
Event: 1.357 Thread 0x00007fe24682e400 Implicit null exception at 0x000000011b43a060 to 0x000000011b43a0f6
Event: 1.373 Thread 0x00007fe24682e400 Implicit null exception at 0x000000011b4428af to 0x000000011b442fa4
Event: 1.374 Thread 0x00007fe24682e400 Implicit null exception at 0x000000011b43f68f to 0x000000011b43fb08
Event: 2.224 Thread 0x00007fe24682e400 Exception <a 'java/lang/NoSuchMethodError'{0x0000000787f63f40}: 'java.lang.Object java.lang.invoke.DirectMethodHandle$Holder.invokeInterface(java.lang.Object, java.lang.Object, java.lang.Object)'> (0x0000000787f63f40) 
thrown [src/hotspot/share/interpreter/linkResolver.cpp, line 790]
Event: 2.225 Thread 0x00007fe24682e400 Exception <a 'java/lang/IncompatibleClassChangeError'{0x0000000787f67ac0}: Found class java.lang.Object, but interface was expected> (0x0000000787f67ac0) 
thrown [src/hotspot/share/interpreter/linkResolver.cpp, line 857]
Event: 2.270 Thread 0x00007fe24682e400 Exception <a 'java/lang/NoSuchMethodError'{0x0000000787d04210}: 'java.lang.Object java.lang.invoke.DirectMethodHandle$Holder.newInvokeSpecial(java.lang.Object, java.lang.Object, int)'> (0x0000000787d04210) 
thrown [src/hotspot/share/interpreter/linkResolver.cpp, line 790]
Event: 2.355 Thread 0x00007fe247809600 Exception <a 'java/lang/NoSuchMethodError'{0x0000000787c665c0}: 'int java.lang.invoke.DirectMethodHandle$Holder.invokeStaticInit(java.lang.Object, java.lang.Object)'> (0x0000000787c665c0) 
thrown [src/hotspot/share/interpreter/linkResolver.cpp, line 790]
Event: 3.123 Thread 0x00007fe24682e400 Exception <a 'java/lang/NoSuchMethodError'{0x000000078787def0}: 'long java.lang.invoke.DirectMethodHandle$Holder.invokeStatic(java.lang.Object, java.lang.Object, java.lang.Object)'> (0x000000078787def0) 
thrown [src/hotspot/share/interpreter/linkResolver.cpp, line 790]
Event: 3.123 Thread 0x00007fe24682e400 Exception <a 'java/lang/NoSuchMethodError'{0x00000007878818a0}: 'long java.lang.invoke.DirectMethodHandle$Holder.invokeStaticInit(java.lang.Object, java.lang.Object, java.lang.Object)'> (0x00000007878818a0) 
thrown [src/hotspot/share/interpreter/linkResolver.cpp, line 790]
Event: 3.126 Thread 0x00007fe24682e400 Exception <a 'java/lang/NoSuchMethodError'{0x00000007878e47f8}: 'java.lang.Object java.lang.invoke.DirectMethodHandle$Holder.newInvokeSpecial(java.lang.Object, java.lang.Object, long)'> (0x00000007878e47f8) 
thrown [src/hotspot/share/interpreter/linkResolver.cpp, line 790]
Event: 3.127 Thread 0x00007fe24682e400 Exception <a 'java/lang/NoSuchMethodError'{0x00000007878e82c0}: 'java.lang.Object java.lang.invoke.Invokers$Holder.linkToTargetMethod(java.lang.Object, long, java.lang.Object)'> (0x00000007878e82c0) 
thrown [src/hotspot/share/interpreter/linkResolver.cpp, line 790]
Event: 3.137 Thread 0x00007fe24682e400 Exception <a 'java/lang/NoSuchMethodError'{0x0000000787725148}: 'java.lang.Object java.lang.invoke.DirectMethodHandle$Holder.newInvokeSpecial(java.lang.Object, java.lang.Object, int, int, int, int, int, java.lang.Object)'> (0x0000000787725148) 
thrown [src/hotspot/share/interpreter/linkResolver.cpp, line 790]
Event: 3.140 Thread 0x00007fe24682e400 Exception <a 'java/lang/NoSuchMethodError'{0x0000000787738b08}: 'java.lang.Object java.lang.invoke.DirectMethodHandle$Holder.newInvokeSpecial(java.lang.Object, java.lang.Object, java.lang.Object, int, int, int, int, int)'> (0x0000000787738b08) 
thrown [src/hotspot/share/interpreter/linkResolver.cpp, line 790]
Event: 3.140 Thread 0x00007fe24682e400 Exception <a 'java/lang/NoSuchMethodError'{0x0000000787740678}: 'java.lang.Object java.lang.invoke.Invokers$Holder.linkToTargetMethod(java.lang.Object, java.lang.Object, int, int, int, int, int, java.lang.Object)'> (0x0000000787740678) 
thrown [src/hotspot/share/interpreter/linkResolver.cpp, line 790]

Events (20 events):
Event: 2.471 loading class java/nio/DoubleBuffer
Event: 2.471 loading class java/nio/DoubleBuffer done
Event: 2.471 loading class java/nio/DirectFloatBufferU
Event: 2.483 loading class java/nio/DirectFloatBufferU done
Event: 2.636 Protecting memory [0x000070000d504000,0x000070000d508000] with protection modes 3
Event: 2.636 Thread 0x00007fe2460aa800 Thread exited: 0x00007fe2460aa800
Event: 3.120 Protecting memory [0x000070000d504000,0x000070000d508000] with protection modes 0
Event: 3.120 Thread 0x00007fe2460aa800 Thread added: 0x00007fe2460aa800
Event: 3.208 Executing  VM operation: Cleanup
Event: 3.208 Executing  VM operation: Cleanup done
Event: 3.836 Protecting memory [0x000070000d504000,0x000070000d508000] with protection modes 3
Event: 3.836 Thread 0x00007fe2460aa800 Thread exited: 0x00007fe2460aa800
Event: 3.852 Protecting memory [0x000070000d504000,0x000070000d508000] with protection modes 0
Event: 3.852 Thread 0x00007fe2460aa800 Thread added: 0x00007fe2460aa800
Event: 4.140 loading class java/net/HttpURLConnection
Event: 4.140 loading class java/net/HttpURLConnection done
Event: 4.141 loading class java/lang/Throwable$WrappedPrintStream
Event: 4.141 loading class java/lang/Throwable$PrintStreamOrWriter
Event: 4.141 loading class java/lang/Throwable$PrintStreamOrWriter done
Event: 4.141 loading class java/lang/Throwable$WrappedPrintStream done


Dynamic libraries:
0x00000001047f2000 	/Users/yarnovandeweyer/Library/Java/JavaVirtualMachines/corretto-16.0.2/Contents/Home/lib/libjli.dylib
0x00007ff80bb8c000 	/usr/lib/libz.1.dylib
0x00007ff80bc6c000 	/usr/lib/libSystem.B.dylib
0x00007ff80bc67000 	/usr/lib/system/libcache.dylib
0x00007ff80bc23000 	/usr/lib/system/libcommonCrypto.dylib
0x00007ff80bc4c000 	/usr/lib/system/libcompiler_rt.dylib
0x00007ff80bc42000 	/usr/lib/system/libcopyfile.dylib
0x00007ff800c88000 	/usr/lib/system/libcorecrypto.dylib
0x00007ff800d47000 	/usr/lib/system/libdispatch.dylib
0x00007ff800f06000 	/usr/lib/system/libdyld.dylib
0x00007ff80bc5e000 	/usr/lib/system/libkeymgr.dylib
0x00007ff80bc01000 	/usr/lib/system/libmacho.dylib
0x00007ff80b291000 	/usr/lib/system/libquarantine.dylib
0x00007ff80bc5c000 	/usr/lib/system/libremovefile.dylib
0x00007ff805e6a000 	/usr/lib/system/libsystem_asl.dylib
0x00007ff800c36000 	/usr/lib/system/libsystem_blocks.dylib
0x00007ff800dcb000 	/usr/lib/system/libsystem_c.dylib
0x00007ff80bc54000 	/usr/lib/system/libsystem_collections.dylib
0x00007ff80a539000 	/usr/lib/system/libsystem_configuration.dylib
0x00007ff8097fa000 	/usr/lib/system/libsystem_containermanager.dylib
0x00007ff80b93e000 	/usr/lib/system/libsystem_coreservices.dylib
0x00007ff803530000 	/usr/lib/system/libsystem_darwin.dylib
0x00007ff80bc5f000 	/usr/lib/system/libsystem_dnssd.dylib
0x00007ff800dc8000 	/usr/lib/system/libsystem_featureflags.dylib
0x00007ff800f1c000 	/usr/lib/system/libsystem_info.dylib
0x00007ff80bb9f000 	/usr/lib/system/libsystem_m.dylib
0x00007ff800d1b000 	/usr/lib/system/libsystem_malloc.dylib
0x00007ff805e07000 	/usr/lib/system/libsystem_networkextension.dylib
0x00007ff803958000 	/usr/lib/system/libsystem_notify.dylib
0x00007ff811ddb000 	/usr/lib/system/libsystem_product_info_filter.dylib
0x00007ff80a53d000 	/usr/lib/system/libsystem_sandbox.dylib
0x00007ff80bc59000 	/usr/lib/system/libsystem_secinit.dylib
0x00007ff800ec3000 	/usr/lib/system/libsystem_kernel.dylib
0x00007ff800f12000 	/usr/lib/system/libsystem_platform.dylib
0x00007ff800efa000 	/usr/lib/system/libsystem_pthread.dylib
0x00007ff8076bf000 	/usr/lib/system/libsystem_symptoms.dylib
0x00007ff800c6f000 	/usr/lib/system/libsystem_trace.dylib
0x00007ff80bc2f000 	/usr/lib/system/libunwind.dylib
0x00007ff800c38000 	/usr/lib/system/libxpc.dylib
0x00007ff800ead000 	/usr/lib/libc++abi.dylib
0x00007ff800d8e000 	/usr/lib/libobjc.A.dylib
0x00007ff80bc3a000 	/usr/lib/liboah.dylib
0x00007ff800e54000 	/usr/lib/libc++.1.dylib
0x00007ff817b31000 	/System/Library/Frameworks/Cocoa.framework/Versions/A/Cocoa
0x00007ff8039b6000 	/System/Library/Frameworks/AppKit.framework/Versions/C/AppKit
0x00007ff806eac000 	/System/Library/Frameworks/CoreData.framework/Versions/A/CoreData
0x00007ff801dcd000 	/System/Library/Frameworks/Foundation.framework/Versions/C/Foundation
0x00007ff804845000 	/System/Library/PrivateFrameworks/UIFoundation.framework/Versions/A/UIFoundation
0x00007ff811ae2000 	/System/Library/PrivateFrameworks/RemoteViewServices.framework/Versions/A/RemoteViewServices
0x00007ff809ed2000 	/System/Library/PrivateFrameworks/XCTTargetBootstrap.framework/Versions/A/XCTTargetBootstrap
0x00007ff80da7c000 	/System/Library/PrivateFrameworks/InternationalSupport.framework/Versions/A/InternationalSupport
0x00007ff80db06000 	/System/Library/PrivateFrameworks/UserActivity.framework/Versions/A/UserActivity
0x00007ff80ce5c000 	/usr/lib/libspindump.dylib
0x00007ff804ad3000 	/System/Library/Frameworks/UniformTypeIdentifiers.framework/Versions/A/UniformTypeIdentifiers
0x00007ff80860f000 	/usr/lib/libapp_launch_measurement.dylib
0x00007ff807878000 	/System/Library/PrivateFrameworks/CoreAnalytics.framework/Versions/A/CoreAnalytics
0x00007ff808612000 	/System/Library/PrivateFrameworks/CoreAutoLayout.framework/Versions/A/CoreAutoLayout
0x00007ff809832000 	/System/Library/Frameworks/Metal.framework/Versions/A/Metal
0x00007ff80a548000 	/usr/lib/liblangid.dylib
0x00007ff809ed6000 	/System/Library/PrivateFrameworks/CoreSVG.framework/Versions/A/CoreSVG
0x00007ff805e9a000 	/System/Library/PrivateFrameworks/SkyLight.framework/Versions/A/SkyLight
0x00007ff80622d000 	/System/Library/Frameworks/CoreGraphics.framework/Versions/A/CoreGraphics
0x00007ff812151000 	/System/Library/Frameworks/Accelerate.framework/Versions/A/Accelerate
0x00007ff80c8d7000 	/System/Library/PrivateFrameworks/IconServices.framework/Versions/A/IconServices
0x00007ff809817000 	/System/Library/Frameworks/IOSurface.framework/Versions/A/IOSurface
0x00007ff8078a6000 	/usr/lib/libDiagnosticMessagesClient.dylib
0x00007ff8157c0000 	/System/Library/Frameworks/ApplicationServices.framework/Versions/A/ApplicationServices
0x00007ff809ebe000 	/System/Library/PrivateFrameworks/DFRFoundation.framework/Versions/A/DFRFoundation
0x00007ff8032a7000 	/usr/lib/libicucore.A.dylib
0x00007ff80e7a1000 	/System/Library/Frameworks/AudioToolbox.framework/Versions/A/AudioToolbox
0x00007ff80da88000 	/System/Library/PrivateFrameworks/DataDetectorsCore.framework/Versions/A/DataDetectorsCore
0x00007ff9093e7000 	/System/Library/PrivateFrameworks/TextInput.framework/Versions/A/TextInput
0x00007ff805e1e000 	/usr/lib/libMobileGestalt.dylib
0x00007ff809bc6000 	/System/Library/Frameworks/Carbon.framework/Versions/A/Frameworks/HIToolbox.framework/Versions/A/HIToolbox
0x00007ff80803c000 	/System/Library/Frameworks/QuartzCore.framework/Versions/A/QuartzCore
0x00007ff802f47000 	/System/Library/Frameworks/Security.framework/Versions/A/Security
0x00007ff811b1a000 	/System/Library/Frameworks/Carbon.framework/Versions/A/Frameworks/SpeechRecognition.framework/Versions/A/SpeechRecognition
0x00007ff80836f000 	/System/Library/PrivateFrameworks/CoreUI.framework/Versions/A/CoreUI
0x00007ff80281f000 	/System/Library/Frameworks/CoreAudio.framework/Versions/A/CoreAudio
0x00007ff807994000 	/System/Library/Frameworks/DiskArbitration.framework/Versions/A/DiskArbitration
0x00007ff80d243000 	/System/Library/PrivateFrameworks/MultitouchSupport.framework/Versions/A/MultitouchSupport
0x00007ff805e1d000 	/usr/lib/libenergytrace.dylib
0x00007ff8038a2000 	/System/Library/Frameworks/IOKit.framework/Versions/A/IOKit
0x00007ff811f06000 	/System/Library/Frameworks/CoreServices.framework/Versions/A/CoreServices
0x00007ff8085a9000 	/System/Library/PrivateFrameworks/PerformanceAnalysis.framework/Versions/A/PerformanceAnalysis
0x00007ffa18bb2000 	/System/Library/Frameworks/OpenGL.framework/Versions/A/OpenGL
0x00007ff80b1bd000 	/System/Library/PrivateFrameworks/MobileKeyBag.framework/Versions/A/MobileKeyBag
0x00007ff8068f9000 	/System/Library/Frameworks/ColorSync.framework/Versions/A/ColorSync
0x00007ff800f47000 	/System/Library/Frameworks/CoreFoundation.framework/Versions/A/CoreFoundation
0x00007ff80a14f000 	/System/Library/Frameworks/CoreImage.framework/Versions/A/CoreImage
0x00007ff802635000 	/System/Library/Frameworks/CoreText.framework/Versions/A/CoreText
0x00007ff809f05000 	/System/Library/Frameworks/ImageIO.framework/Versions/A/ImageIO
0x00007ff80bc72000 	/System/Library/PrivateFrameworks/SoftLinking.framework/Versions/A/SoftLinking
0x00007ff80865a000 	/usr/lib/libxml2.2.dylib
0x00007ff80bef6000 	/usr/lib/libcompression.dylib
0x00007ff80d9b2000 	/System/Library/PrivateFrameworks/TextureIO.framework/Versions/A/TextureIO
0x00007ff80c5e9000 	/usr/lib/libate.dylib
0x00007ff80c3c7000 	/usr/lib/liblzma.5.dylib
0x00007ff801ade000 	/System/Library/Frameworks/SystemConfiguration.framework/Versions/A/SystemConfiguration
0x00007ff80bc6e000 	/usr/lib/libfakelink.dylib
0x00007ff805970000 	/System/Library/Frameworks/CFNetwork.framework/Versions/A/CFNetwork
0x00007ff80bdad000 	/usr/lib/libarchive.2.dylib
0x00007ff80a544000 	/System/Library/PrivateFrameworks/AppleSystemInfo.framework/Versions/A/AppleSystemInfo
0x00007ff80b2b8000 	/usr/lib/libbsm.0.dylib
0x00007ff804fa6000 	/usr/lib/libnetwork.dylib
0x00007ff80bc07000 	/usr/lib/system/libkxld.dylib
0x00007ff80aee6000 	/System/Library/PrivateFrameworks/IOMobileFramebuffer.framework/Versions/A/IOMobileFramebuffer
0x00007ffb16960000 	/usr/lib/libCoreEntitlements.dylib
0x00007ff80b920000 	/System/Library/PrivateFrameworks/AppleFSCompression.framework/Versions/A/AppleFSCompression
0x00007ff80b2a0000 	/usr/lib/libcoretls.dylib
0x00007ff80c3e1000 	/usr/lib/libcoretls_cfhelpers.dylib
0x00007ff80bef1000 	/usr/lib/libpam.2.dylib
0x00007ff8072e1000 	/usr/lib/libsqlite3.dylib
0x00007ff80c450000 	/usr/lib/libxar.1.dylib
0x00007ff80b930000 	/usr/lib/libbz2.1.0.dylib
0x00007ff80bc73000 	/usr/lib/libpcap.A.dylib
0x00007ff8076b6000 	/usr/lib/libdns_services.dylib
0x00007ff80bec0000 	/usr/lib/libapple_nghttp2.dylib
0x00007ff80bcaa000 	/usr/lib/libiconv.2.dylib
0x00007ff80bc00000 	/usr/lib/libcharset.1.dylib
0x00007ff8085dd000 	/System/Library/Frameworks/CoreServices.framework/Versions/A/Frameworks/FSEvents.framework/Versions/A/FSEvents
0x00007ff80353a000 	/System/Library/Frameworks/CoreServices.framework/Versions/A/Frameworks/CarbonCore.framework/Versions/A/CarbonCore
0x00007ff8078f9000 	/System/Library/Frameworks/CoreServices.framework/Versions/A/Frameworks/Metadata.framework/Versions/A/Metadata
0x00007ff80b943000 	/System/Library/Frameworks/CoreServices.framework/Versions/A/Frameworks/OSServices.framework/Versions/A/OSServices
0x00007ff80be34000 	/System/Library/Frameworks/CoreServices.framework/Versions/A/Frameworks/SearchKit.framework/Versions/A/SearchKit
0x00007ff807648000 	/System/Library/Frameworks/CoreServices.framework/Versions/A/Frameworks/AE.framework/Versions/A/AE
0x00007ff80144a000 	/System/Library/Frameworks/CoreServices.framework/Versions/A/Frameworks/LaunchServices.framework/Versions/A/LaunchServices
0x00007ff80c378000 	/System/Library/Frameworks/CoreServices.framework/Versions/A/Frameworks/DictionaryServices.framework/Versions/A/DictionaryServices
0x00007ff8085ea000 	/System/Library/Frameworks/CoreServices.framework/Versions/A/Frameworks/SharedFileList.framework/Versions/A/SharedFileList
0x00007ff80b294000 	/usr/lib/libCheckFix.dylib
0x00007ff805e81000 	/System/Library/PrivateFrameworks/TCC.framework/Versions/A/TCC
0x00007ff80a54a000 	/System/Library/PrivateFrameworks/CoreNLP.framework/Versions/A/CoreNLP
0x00007ff8078a9000 	/System/Library/PrivateFrameworks/MetadataUtilities.framework/Versions/A/MetadataUtilities
0x00007ff801b8e000 	/usr/lib/libmecabra.dylib
0x00007ff80b2c8000 	/usr/lib/libmecab.dylib
0x00007ff801b59000 	/usr/lib/libCRFSuite.dylib
0x00007ff80b325000 	/usr/lib/libgermantok.dylib
0x00007ff80be9b000 	/usr/lib/libThaiTokenizer.dylib
0x00007ff80799b000 	/System/Library/Frameworks/Accelerate.framework/Versions/A/Frameworks/vImage.framework/Versions/A/vImage
0x00007ff811edd000 	/System/Library/Frameworks/Accelerate.framework/Versions/A/Frameworks/vecLib.framework/Versions/A/vecLib
0x00007ff80c491000 	/System/Library/Frameworks/Accelerate.framework/Versions/A/Frameworks/vecLib.framework/Versions/A/libvMisc.dylib
0x00007ff80ad04000 	/System/Library/Frameworks/Accelerate.framework/Versions/A/Frameworks/vecLib.framework/Versions/A/libvDSP.dylib
0x00007ff8017c2000 	/System/Library/Frameworks/Accelerate.framework/Versions/A/Frameworks/vecLib.framework/Versions/A/libBLAS.dylib
0x00007ff80bfd2000 	/System/Library/Frameworks/Accelerate.framework/Versions/A/Frameworks/vecLib.framework/Versions/A/libLAPACK.dylib
0x00007ff80b328000 	/System/Library/Frameworks/Accelerate.framework/Versions/A/Frameworks/vecLib.framework/Versions/A/libLinearAlgebra.dylib
0x00007ff80bed9000 	/System/Library/Frameworks/Accelerate.framework/Versions/A/Frameworks/vecLib.framework/Versions/A/libSparseBLAS.dylib
0x00007ff80bfcc000 	/System/Library/Frameworks/Accelerate.framework/Versions/A/Frameworks/vecLib.framework/Versions/A/libQuadrature.dylib
0x00007ff80a634000 	/System/Library/Frameworks/Accelerate.framework/Versions/A/Frameworks/vecLib.framework/Versions/A/libBNNS.dylib
0x00007ff801a6f000 	/System/Library/Frameworks/Accelerate.framework/Versions/A/Frameworks/vecLib.framework/Versions/A/libSparse.dylib
0x00007ff80a62d000 	/System/Library/PrivateFrameworks/LinguisticData.framework/Versions/A/LinguisticData
0x00007ff801a24000 	/System/Library/PrivateFrameworks/Lexicon.framework/Versions/A/Lexicon
0x00007ff80c48a000 	/usr/lib/libChineseTokenizer.dylib
0x00007ff802188000 	/System/Library/PrivateFrameworks/LanguageModeling.framework/Versions/A/LanguageModeling
0x00007ff80be9d000 	/System/Library/PrivateFrameworks/AppleSauce.framework/Versions/A/AppleSauce
0x00007ff80aed4000 	/System/Library/PrivateFrameworks/CoreEmoji.framework/Versions/A/CoreEmoji
0x00007ff80bd9c000 	/usr/lib/libcmph.dylib
0x00007ff8085c1000 	/System/Library/Frameworks/OpenDirectory.framework/Versions/A/Frameworks/CFOpenDirectory.framework/Versions/A/CFOpenDirectory
0x00007ff8085b5000 	/System/Library/Frameworks/OpenDirectory.framework/Versions/A/OpenDirectory
0x00007ff80c3e3000 	/System/Library/PrivateFrameworks/APFS.framework/Versions/A/APFS
0x00007ff80b1f5000 	/System/Library/Frameworks/SecurityFoundation.framework/Versions/A/SecurityFoundation
0x00007ff80c45e000 	/usr/lib/libutil.dylib
0x00007ff803865000 	/System/Library/PrivateFrameworks/CoreServicesStore.framework/Versions/A/CoreServicesStore
0x00007ff80c462000 	/usr/lib/libxslt.1.dylib
0x00007ff80b282000 	/System/Library/PrivateFrameworks/BackgroundTaskManagement.framework/Versions/A/BackgroundTaskManagement
0x00007ff80d8d2000 	/System/Library/Frameworks/ImageIO.framework/Versions/A/Resources/libRadiance.dylib
0x00007ff80d8db000 	/System/Library/Frameworks/ImageIO.framework/Versions/A/Resources/libJPEG.dylib
0x00007ff80d82b000 	/System/Library/Frameworks/ImageIO.framework/Versions/A/Resources/libPng.dylib
0x00007ff80d84c000 	/System/Library/Frameworks/ImageIO.framework/Versions/A/Resources/libTIFF.dylib
0x00007ff80d93b000 	/System/Library/Frameworks/ImageIO.framework/Versions/A/Resources/libGIF.dylib
0x00007ff80d15c000 	/System/Library/Frameworks/ImageIO.framework/Versions/A/Resources/libJP2.dylib
0x00007ff80c89e000 	/usr/lib/libexpat.1.dylib
0x00007ff80d111000 	/System/Library/PrivateFrameworks/AppleJPEG.framework/Versions/A/AppleJPEG
0x00007ff809a8d000 	/System/Library/PrivateFrameworks/FontServices.framework/libFontParser.dylib
0x00007ff8075f2000 	/System/Library/PrivateFrameworks/RunningBoardServices.framework/Versions/A/RunningBoardServices
0x00007ff8180ab000 	/System/Library/PrivateFrameworks/IOSurfaceAccelerator.framework/Versions/A/IOSurfaceAccelerator
0x00007ff80d23f000 	/System/Library/PrivateFrameworks/WatchdogClient.framework/Versions/A/WatchdogClient
0x00007ff802277000 	/System/Library/Frameworks/CoreDisplay.framework/Versions/A/CoreDisplay
0x00007ff80998c000 	/System/Library/Frameworks/CoreMedia.framework/Versions/A/CoreMedia
0x00007ff809829000 	/System/Library/PrivateFrameworks/IOAccelerator.framework/Versions/A/IOAccelerator
0x00007ff80873d000 	/System/Library/Frameworks/CoreVideo.framework/Versions/A/CoreVideo
0x00007ff80beef000 	/System/Library/Frameworks/MetalPerformanceShaders.framework/Versions/A/MetalPerformanceShaders
0x00007ff80d27a000 	/System/Library/Frameworks/VideoToolbox.framework/Versions/A/VideoToolbox
0x00007ff80753a000 	/System/Library/PrivateFrameworks/BaseBoard.framework/Versions/A/BaseBoard
0x00007ff8072c7000 	/System/Library/PrivateFrameworks/ProtocolBuffer.framework/Versions/A/ProtocolBuffer
0x00007ff80d8cb000 	/System/Library/PrivateFrameworks/GPUWrangler.framework/Versions/A/GPUWrangler
0x00007ff80d8ae000 	/System/Library/PrivateFrameworks/IOPresentment.framework/Versions/A/IOPresentment
0x00007ff80d8d5000 	/System/Library/PrivateFrameworks/DSExternalDisplay.framework/Versions/A/DSExternalDisplay
0x00007ffa18ba6000 	/System/Library/Frameworks/OpenGL.framework/Versions/A/Libraries/libCoreFSCache.dylib
0x00007ffb04c4a000 	/System/Library/PrivateFrameworks/GPUCompiler.framework/Versions/31001/Libraries/libGPUCompilerUtils.dylib
0x00007ff80d940000 	/System/Library/PrivateFrameworks/CMCaptureCore.framework/Versions/A/CMCaptureCore
0x00007ff80ce4a000 	/System/Library/PrivateFrameworks/AppServerSupport.framework/Versions/A/AppServerSupport
0x00007ff80f027000 	/System/Library/PrivateFrameworks/perfdata.framework/Versions/A/perfdata
0x00007ff8023a3000 	/System/Library/PrivateFrameworks/AudioToolboxCore.framework/Versions/A/AudioToolboxCore
0x00007ff809969000 	/System/Library/PrivateFrameworks/caulk.framework/Versions/A/caulk
0x00007ff80e94b000 	/usr/lib/libAudioStatistics.dylib
0x00007ff905c78000 	/System/Library/PrivateFrameworks/SystemPolicy.framework/Versions/A/SystemPolicy
0x00007ff80eba0000 	/usr/lib/libSMC.dylib
0x00007ff8179e4000 	/System/Library/Frameworks/CoreMIDI.framework/Versions/A/CoreMIDI
0x00007ff80d7fb000 	/usr/lib/libAudioToolboxUtility.dylib
0x00007ff90208a000 	/System/Library/PrivateFrameworks/OSAServicesClient.framework/Versions/A/OSAServicesClient
0x00007ff80f034000 	/usr/lib/libperfcheck.dylib
0x00007ff90670a000 	/usr/lib/libmis.dylib
0x00007ffa18c02000 	/System/Library/Frameworks/OpenGL.framework/Versions/A/Libraries/libGLU.dylib
0x00007ffa18bc5000 	/System/Library/Frameworks/OpenGL.framework/Versions/A/Libraries/libGFXShared.dylib
0x00007ffa18dd3000 	/System/Library/Frameworks/OpenGL.framework/Versions/A/Libraries/libGL.dylib
0x00007ffa18bce000 	/System/Library/Frameworks/OpenGL.framework/Versions/A/Libraries/libGLImage.dylib
0x00007ffa18bc2000 	/System/Library/Frameworks/OpenGL.framework/Versions/A/Libraries/libCVMSPluginSupport.dylib
0x00007ffa18bad000 	/System/Library/Frameworks/OpenGL.framework/Versions/A/Libraries/libCoreVMClient.dylib
0x00007ff80a4c8000 	/System/Library/Frameworks/MetalPerformanceShaders.framework/Versions/A/Frameworks/MPSCore.framework/Versions/A/MPSCore
0x00007ff80b88b000 	/System/Library/Frameworks/MetalPerformanceShaders.framework/Versions/A/Frameworks/MPSImage.framework/Versions/A/MPSImage
0x00007ff80b33e000 	/System/Library/Frameworks/MetalPerformanceShaders.framework/Versions/A/Frameworks/MPSNeuralNetwork.framework/Versions/A/MPSNeuralNetwork
0x00007ff80b7b3000 	/System/Library/Frameworks/MetalPerformanceShaders.framework/Versions/A/Frameworks/MPSMatrix.framework/Versions/A/MPSMatrix
0x00007ff80b56f000 	/System/Library/Frameworks/MetalPerformanceShaders.framework/Versions/A/Frameworks/MPSRayIntersector.framework/Versions/A/MPSRayIntersector
0x00007ff80b7ec000 	/System/Library/Frameworks/MetalPerformanceShaders.framework/Versions/A/Frameworks/MPSNDArray.framework/Versions/A/MPSNDArray
0x00007ffa1d7c4000 	/System/Library/Frameworks/MetalPerformanceShaders.framework/Versions/A/Frameworks/MPSFunctions.framework/Versions/A/MPSFunctions
0x00007ff8016a5000 	/System/Library/PrivateFrameworks/MetalTools.framework/Versions/A/MetalTools
0x00007ff80a542000 	/System/Library/PrivateFrameworks/AggregateDictionary.framework/Versions/A/AggregateDictionary
0x00007ff80c680000 	/usr/lib/libIOReport.dylib
0x00007ffa1a1e2000 	/System/Library/Frameworks/OpenCL.framework/Versions/A/OpenCL
0x00007ff80c9e4000 	/System/Library/PrivateFrameworks/FaceCore.framework/Versions/A/FaceCore
0x00007ff80c9d5000 	/System/Library/PrivateFrameworks/GraphVisualizer.framework/Versions/A/GraphVisualizer
0x00007ffb04b55000 	/System/Library/PrivateFrameworks/FontServices.framework/Versions/A/FontServices
0x00007ff80ce01000 	/System/Library/PrivateFrameworks/OTSVG.framework/Versions/A/OTSVG
0x00007ff808325000 	/System/Library/Frameworks/ApplicationServices.framework/Versions/A/Frameworks/ATS.framework/Versions/A/Resources/libFontRegistry.dylib
0x00007ff80ce52000 	/System/Library/PrivateFrameworks/FontServices.framework/libhvf.dylib
0x00007ffb04b56000 	/System/Library/PrivateFrameworks/FontServices.framework/libXTFontStaticRegistryData.dylib
0x00007ff80c84e000 	/System/Library/PrivateFrameworks/AppleVA.framework/Versions/A/AppleVA
0x00007ff80e96f000 	/System/Library/Frameworks/ApplicationServices.framework/Versions/A/Frameworks/ATS.framework/Versions/A/ATS
0x00007ff8069f5000 	/System/Library/Frameworks/ApplicationServices.framework/Versions/A/Frameworks/HIServices.framework/Versions/A/HIServices
0x00007ff80d94a000 	/System/Library/Frameworks/ApplicationServices.framework/Versions/A/Frameworks/PrintCore.framework/Versions/A/PrintCore
0x00007ff80ecf3000 	/System/Library/Frameworks/ApplicationServices.framework/Versions/A/Frameworks/QD.framework/Versions/A/QD
0x00007ff80eceb000 	/System/Library/Frameworks/ApplicationServices.framework/Versions/A/Frameworks/ColorSyncLegacy.framework/Versions/A/ColorSyncLegacy
0x00007ff80e95f000 	/System/Library/Frameworks/ApplicationServices.framework/Versions/A/Frameworks/SpeechSynthesis.framework/Versions/A/SpeechSynthesis
0x00007ff80d90b000 	/System/Library/Frameworks/ApplicationServices.framework/Versions/A/Frameworks/ATSUI.framework/Versions/A/ATSUI
0x00007ff80ec80000 	/usr/lib/libcups.2.dylib
0x00007ff80f043000 	/System/Library/Frameworks/Kerberos.framework/Versions/A/Kerberos
0x00007ff80f052000 	/System/Library/Frameworks/GSS.framework/Versions/A/GSS
0x00007ff80e9db000 	/usr/lib/libresolv.9.dylib
0x00007ff80ce61000 	/System/Library/PrivateFrameworks/Heimdal.framework/Versions/A/Heimdal
0x00007ff815b3b000 	/System/Library/Frameworks/Kerberos.framework/Versions/A/Libraries/libHeimdalProxy.dylib
0x00007ff8076c7000 	/System/Library/Frameworks/Network.framework/Versions/A/Network
0x00007ff80c8b8000 	/usr/lib/libheimdal-asn1.dylib
0x00007ff80f09e000 	/System/Library/PrivateFrameworks/CommonAuth.framework/Versions/A/CommonAuth
0x00007ff80e8dc000 	/System/Library/PrivateFrameworks/AudioSession.framework/Versions/A/AudioSession
0x00007ff80c948000 	/System/Library/PrivateFrameworks/MediaExperience.framework/Versions/A/MediaExperience
0x00007ff80e770000 	/System/Library/PrivateFrameworks/AudioSession.framework/libSessionUtility.dylib
0x00007ff80ecff000 	/System/Library/PrivateFrameworks/AudioResourceArbitration.framework/Versions/A/AudioResourceArbitration
0x00007ff812cf0000 	/System/Library/PrivateFrameworks/PowerLog.framework/Versions/A/PowerLog
0x00007ff80c8c1000 	/System/Library/PrivateFrameworks/IconFoundation.framework/Versions/A/IconFoundation
0x00007ff811b0a000 	/System/Library/PrivateFrameworks/SpeechRecognitionCore.framework/Versions/A/SpeechRecognitionCore
0x0000000105918000 	/Users/yarnovandeweyer/Library/Java/JavaVirtualMachines/corretto-16.0.2/Contents/Home/lib/server/libjvm.dylib
0x0000000104821000 	/Users/yarnovandeweyer/Library/Java/JavaVirtualMachines/corretto-16.0.2/Contents/Home/lib/libjimage.dylib
0x0000000104844000 	/Users/yarnovandeweyer/Library/Java/JavaVirtualMachines/corretto-16.0.2/Contents/Home/lib/libinstrument.dylib
0x0000000104886000 	/Users/yarnovandeweyer/Library/Java/JavaVirtualMachines/corretto-16.0.2/Contents/Home/lib/libjava.dylib
0x0000000105711000 	/Users/yarnovandeweyer/Library/Java/JavaVirtualMachines/corretto-16.0.2/Contents/Home/lib/libnio.dylib
0x0000000105729000 	/Users/yarnovandeweyer/Library/Java/JavaVirtualMachines/corretto-16.0.2/Contents/Home/lib/libnet.dylib
0x0000000105749000 	/Users/yarnovandeweyer/Library/Java/JavaVirtualMachines/corretto-16.0.2/Contents/Home/lib/libzip.dylib
0x0000000104874000 	/Users/yarnovandeweyer/.openjfx/cache/16/libprism_es2.dylib
0x00007ff803826000 	/System/Library/PrivateFrameworks/CoreServicesInternal.framework/Versions/A/CoreServicesInternal
0x00007ffa18dde000 	/System/Library/Frameworks/OpenGL.framework/Versions/A/Resources/GLEngine.bundle/GLEngine
0x00007ffa18c40000 	/System/Library/Frameworks/OpenGL.framework/Versions/A/Libraries/libGLProgrammability.dylib
0x00007ffa0d009000 	/System/Library/Extensions/AppleIntelKBLGraphicsGLDriver.bundle/Contents/MacOS/AppleIntelKBLGraphicsGLDriver
0x00007ff9105d3000 	/System/Library/PrivateFrameworks/GPUSupport.framework/Versions/A/Libraries/libGPUSupportMercury.dylib
0x00007ffa18f6d000 	/System/Library/Frameworks/OpenGL.framework/Versions/A/Resources/GLRendererFloat.bundle/GLRendererFloat
0x000000010ad8e000 	/Users/yarnovandeweyer/.openjfx/cache/16/libglass.dylib
0x00007ff8132e1000 	/System/Library/Frameworks/FileProvider.framework/Versions/A/FileProvider
0x00007ff8074a6000 	/System/Library/Frameworks/Accounts.framework/Versions/A/Accounts
0x00007ff813458000 	/System/Library/PrivateFrameworks/GenerationalStorage.framework/Versions/A/GenerationalStorage
0x00007ff813f6a000 	/System/Library/PrivateFrameworks/CoreSymbolication.framework/Versions/A/CoreSymbolication
0x00007ff812ce5000 	/System/Library/PrivateFrameworks/SymptomDiagnosticReporter.framework/Versions/A/SymptomDiagnosticReporter
0x00007ff804ae7000 	/System/Library/PrivateFrameworks/DesktopServicesPriv.framework/Versions/A/DesktopServicesPriv
0x00007ff803967000 	/usr/lib/libsandbox.1.dylib
0x00007ff8087bc000 	/System/Library/PrivateFrameworks/UserManagement.framework/Versions/A/UserManagement
0x00007ff813f2f000 	/System/Library/PrivateFrameworks/DebugSymbols.framework/Versions/A/DebugSymbols
0x00007ff80ece0000 	/System/Library/PrivateFrameworks/NetAuth.framework/Versions/A/NetAuth
0x00007ff80fbce000 	/System/Library/PrivateFrameworks/Sharing.framework/Versions/A/Sharing
0x00007ff80878f000 	/System/Library/PrivateFrameworks/login.framework/Versions/A/Frameworks/loginsupport.framework/Versions/A/loginsupport
0x00007ff81506f000 	/System/Library/PrivateFrameworks/Apple80211.framework/Versions/A/Apple80211
0x00007ff80b970000 	/System/Library/PrivateFrameworks/AuthKit.framework/Versions/A/AuthKit
0x00007ff80afca000 	/System/Library/PrivateFrameworks/CoreUtils.framework/Versions/A/CoreUtils
0x00007ff80aef1000 	/System/Library/Frameworks/CoreWLAN.framework/Versions/A/CoreWLAN
0x00007ff80fd29000 	/System/Library/Frameworks/IOBluetooth.framework/Versions/A/IOBluetooth
0x00007ff8150d7000 	/System/Library/PrivateFrameworks/CoreWiFi.framework/Versions/A/CoreWiFi
0x00007ff813b04000 	/System/Library/PrivateFrameworks/FrontBoardServices.framework/Versions/A/FrontBoardServices
0x00007ff813b96000 	/System/Library/PrivateFrameworks/BoardServices.framework/Versions/A/BoardServices
0x00007ff80b1e4000 	/System/Library/PrivateFrameworks/AssertionServices.framework/Versions/A/AssertionServices
0x00007ff81525b000 	/System/Library/PrivateFrameworks/BackBoardServices.framework/Versions/A/BackBoardServices
0x00007ff80f12d000 	/System/Library/PrivateFrameworks/CorePhoneNumbers.framework/Versions/A/CorePhoneNumbers
0x00007ff812e02000 	/System/Library/PrivateFrameworks/DiskManagement.framework/Versions/A/DiskManagement
0x00007ff812d16000 	/System/Library/PrivateFrameworks/AppleIDAuthSupport.framework/Versions/A/AppleIDAuthSupport
0x00007ffa1f75a000 	/System/Library/PrivateFrameworks/AAAFoundation.framework/Versions/A/AAAFoundation
0x00007ff80f10e000 	/System/Library/PrivateFrameworks/KeychainCircle.framework/Versions/A/KeychainCircle
0x00007ff812dce000 	/System/Library/PrivateFrameworks/MediaKit.framework/Versions/A/MediaKit
0x00007ff812d22000 	/System/Library/Frameworks/DiscRecording.framework/Versions/A/DiscRecording
0x00007ff80c7c6000 	/usr/lib/libCoreStorage.dylib
0x00007ff81554a000 	/usr/lib/libcsfde.dylib
0x00007ff80fdf6000 	/System/Library/PrivateFrameworks/ProtectedCloudStorage.framework/Versions/A/ProtectedCloudStorage
0x00007ff815546000 	/System/Library/PrivateFrameworks/EFILogin.framework/Versions/A/EFILogin
0x00007ff81347e000 	/System/Library/PrivateFrameworks/OctagonTrust.framework/Versions/A/OctagonTrust
0x00007ffb03e77000 	/System/Library/PrivateFrameworks/CoreUtilsExtras.framework/Versions/A/CoreUtilsExtras
0x00007ff812c58000 	/System/Library/Frameworks/CoreBluetooth.framework/Versions/A/CoreBluetooth
0x00007ff815bc0000 	/System/Library/Frameworks/AudioUnit.framework/Versions/A/AudioUnit
0x00007ff80c7be000 	/usr/lib/libMatch.1.dylib
0x00007ff90ab59000 	/System/Library/Frameworks/Accelerate.framework/Versions/A/Frameworks/vImage.framework/Versions/A/Libraries/libCGInterfaces.dylib
0x000000010af5c000 	/usr/lib/libobjc-trampolines.dylib
0x00007ffb16a6e000 	/usr/lib/libRosetta.dylib
0x00007ff8084b5000 	/System/Library/PrivateFrameworks/ViewBridge.framework/Versions/A/ViewBridge
0x000000012b2bd000 	/Users/yarnovandeweyer/.openjfx/cache/16/libjavafx_font.dylib
0x00007ff80cf1b000 	/System/Library/PrivateFrameworks/login.framework/Versions/A/login


VM Arguments:
jvm_args: -javaagent:/Applications/IntelliJ IDEA CE.app/Contents/lib/idea_rt.jar=57638:/Applications/IntelliJ IDEA CE.app/Contents/bin -Dfile.encoding=UTF-8 --module-path=/Users/yarnovandeweyer/Desktop/SchoolKDG/Java/javaFx/javafx.media-11.0.0-ea1-mac.jar:/Users/yarnovandeweyer/IdeaProjects/Fill_Fx/target/classes:/Users/yarnovandeweyer/.m2/repository/org/openjfx/javafx-base/16/javafx-base-16-mac.jar:/Users/yarnovandeweyer/.m2/repository/org/openjfx/javafx-controls/16/javafx-controls-16-mac.jar:/Users/yarnovandeweyer/.m2/repository/org/openjfx/javafx-graphics/16/javafx-graphics-16-mac.jar -Djdk.module.main=JavaFxapplication 
java_command: JavaFxapplication/be.kdg.fill.Main
java_class_path (initial): /Users/yarnovandeweyer/.m2/repository/org/openjfx/javafx-controls/16/javafx-controls-16.jar:/Users/yarnovandeweyer/.m2/repository/org/openjfx/javafx-graphics/16/javafx-graphics-16.jar:/Users/yarnovandeweyer/.m2/repository/org/openjfx/javafx-base/16/javafx-base-16.jar:/Users/yarnovandeweyer/.m2/repository/org/openjfx/javafx-fxml/16/javafx-fxml-16.jar:/Users/yarnovandeweyer/.m2/repository/org/openjfx/javafx-fxml/16/javafx-fxml-16-mac.jar
Launcher Type: SUN_STANDARD

[Global flags]
     intx CICompilerCount                          = 3                                         {product} {ergonomic}
     uint ConcGCThreads                            = 1                                         {product} {ergonomic}
     uint G1ConcRefinementThreads                  = 4                                         {product} {ergonomic}
   size_t G1HeapRegionSize                         = 1048576                                   {product} {ergonomic}
    uintx GCDrainStackTargetSize                   = 64                                        {product} {ergonomic}
   size_t InitialHeapSize                          = 134217728                                 {product} {ergonomic}
   size_t MarkStackSize                            = 4194304                                   {product} {ergonomic}
   size_t MaxHeapSize                              = 2147483648                                {product} {ergonomic}
   size_t MaxNewSize                               = 1287651328                                {product} {ergonomic}
   size_t MinHeapDeltaBytes                        = 1048576                                   {product} {ergonomic}
   size_t MinHeapSize                              = 8388608                                   {product} {ergonomic}
    uintx NonNMethodCodeHeapSize                   = 5832780                                {pd product} {ergonomic}
    uintx NonProfiledCodeHeapSize                  = 122912730                              {pd product} {ergonomic}
    uintx ProfiledCodeHeapSize                     = 122912730                              {pd product} {ergonomic}
    uintx ReservedCodeCacheSize                    = 251658240                              {pd product} {ergonomic}
     bool SegmentedCodeCache                       = true                                      {product} {ergonomic}
   size_t SoftMaxHeapSize                          = 2147483648                             {manageable} {ergonomic}
     bool UseCompressedClassPointers               = true                           {product lp64_product} {ergonomic}
     bool UseCompressedOops                        = true                           {product lp64_product} {ergonomic}
     bool UseG1GC                                  = true                                      {product} {ergonomic}
     bool UseNUMA                                  = false                                     {product} {ergonomic}
     bool UseNUMAInterleaving                      = false                                     {product} {ergonomic}

Logging:
Log output configuration:
 #0: stdout all=warning uptime,level,tags
 #1: stderr all=off uptime,level,tags

Environment Variables:
PATH=/Library/Frameworks/Python.framework/Versions/3.9/bin:/Library/Frameworks/Python.framework/Versions/3.9/bin:/usr/local/bin:/usr/bin:/bin:/usr/sbin:/sbin:/Library/Apple/usr/bin
SHELL=/bin/bash
LC_CTYPE=nl_BE.UTF-8

Signal Handlers:
SIGSEGV: [libjvm.dylib+0xaf61e0], sa_mask[0]=11100110000111110111111111111111, sa_flags=SA_ONSTACK|SA_RESTART|SA_SIGINFO
SIGBUS: [libjvm.dylib+0xaf61e0], sa_mask[0]=11100110000111110111111111111111, sa_flags=SA_RESTART|SA_SIGINFO
SIGFPE: [libjvm.dylib+0xaf61e0], sa_mask[0]=11100110000111110111111111111111, sa_flags=SA_RESTART|SA_SIGINFO
SIGPIPE: [libjvm.dylib+0x9c26a0], sa_mask[0]=11100110000111110111111111111111, sa_flags=SA_RESTART|SA_SIGINFO
SIGXFSZ: [libjvm.dylib+0x9c26a0], sa_mask[0]=11100110000111110111111111111111, sa_flags=SA_RESTART|SA_SIGINFO
SIGILL: [libjvm.dylib+0xaf61e0], sa_mask[0]=11100110000111110111111111111111, sa_flags=SA_RESTART|SA_SIGINFO
SIGUSR2: [libjvm.dylib+0x9c3100], sa_mask[0]=00100000000000000000000000000000, sa_flags=SA_RESTART|SA_SIGINFO
SIGHUP: [libjvm.dylib+0x9c1740], sa_mask[0]=11100110000111110111111111111111, sa_flags=SA_RESTART|SA_SIGINFO
SIGINT: [libjvm.dylib+0x9c1740], sa_mask[0]=11100110000111110111111111111111, sa_flags=SA_RESTART|SA_SIGINFO
SIGTERM: [libjvm.dylib+0x9c1740], sa_mask[0]=11100110000111110111111111111111, sa_flags=SA_RESTART|SA_SIGINFO
SIGQUIT: [libjvm.dylib+0x9c1740], sa_mask[0]=11100110000111110111111111111111, sa_flags=SA_RESTART|SA_SIGINFO
SIGTRAP: [libjvm.dylib+0xaf61e0], sa_mask[0]=11100110000111110111111111111111, sa_flags=SA_RESTART|SA_SIGINFO


---------------  S Y S T E M  ---------------

OS:uname: Darwin 21.2.0 Darwin Kernel Version 21.2.0: Sun Nov 28 20:28:54 PST 2021; root:xnu-8019.61.5~1/RELEASE_X86_64 x86_64
OS uptime: 0 days 4:48 hours
rlimit (soft/hard): STACK 8192k/65532k , CORE 0k/infinity , NPROC 1392/2088 , NOFILE 10240/infinity , AS infinity/infinity , CPU infinity/infinity , DATA infinity/infinity , FSIZE infinity/infinity , MEMLOCK infinity/infinity , RSS infinity/infinity
load average: 4.75 3.62 3.24

CPU: total 4 (initial active 4) (2 cores per cpu, 2 threads per core) family 6 model 142 stepping 9 microcode 0xea, cx8, cmov, fxsr, ht, mmx, 3dnowpref, sse, sse2, sse3, ssse3, sse4.1, sse4.2, popcnt, lzcnt, tsc, tscinvbit, avx, avx2, aes, erms, clmul, bmi1, bmi2, rtm, adx, fma, vzeroupper, clflush, clflushopt

Memory: 4k page, physical 8388608k(26616k free), swap 1048576k(777472k free)

vm_info: OpenJDK 64-Bit Server VM (16.0.2+7) for bsd-amd64 JRE (16.0.2+7), built on Jul 22 2021 01:07:07 by "ec2user" with clang Apple LLVM 12.0.5 (clang-1205.0.22.9)

END.
